The system is: Linux - 5.10.43-1-lts - x86_64
Compiling the C compiler identification source file "CMakeCCompilerId.c" succeeded.
Compiler: /usr/bin/cc 
Build flags: 
Id flags:  

The output was:
0


Compilation of the C compiler identification source "CMakeCCompilerId.c" produced "a.out"

The C compiler identification is GNU, found in "/mnt/792afca2-ecd6-4e41-938a-2e818d0f60d1/home/anon/gitgud-repositories/KDE/seventasks_src/build/CMakeFiles/3.23.2/CompilerIdC/a.out"

Compiling the CXX compiler identification source file "CMakeCXXCompilerId.cpp" succeeded.
Compiler: /usr/bin/c++ 
Build flags: 
Id flags:  

The output was:
0


Compilation of the CXX compiler identification source "CMakeCXXCompilerId.cpp" produced "a.out"

The CXX compiler identification is GNU, found in "/mnt/792afca2-ecd6-4e41-938a-2e818d0f60d1/home/anon/gitgud-repositories/KDE/seventasks_src/build/CMakeFiles/3.23.2/CompilerIdCXX/a.out"

Detecting C compiler ABI info compiled with the following output:
Change Dir: /mnt/792afca2-ecd6-4e41-938a-2e818d0f60d1/home/anon/gitgud-repositories/KDE/seventasks_src/build/CMakeFiles/CMakeTmp

Run Build Command(s):/usr/bin/make -f Makefile cmTC_914f8/fast && /usr/bin/make  -f CMakeFiles/cmTC_914f8.dir/build.make CMakeFiles/cmTC_914f8.dir/build
make[1]: Entering directory '/mnt/792afca2-ecd6-4e41-938a-2e818d0f60d1/home/anon/gitgud-repositories/KDE/seventasks_src/build/CMakeFiles/CMakeTmp'
Building C object CMakeFiles/cmTC_914f8.dir/CMakeCCompilerABI.c.o
/usr/bin/cc   -v -o CMakeFiles/cmTC_914f8.dir/CMakeCCompilerABI.c.o -c /usr/share/cmake/Modules/CMakeCCompilerABI.c
Using built-in specs.
COLLECT_GCC=/usr/bin/cc
Target: x86_64-pc-linux-gnu
Configured with: /build/gcc/src/gcc/configure --enable-languages=c,c++,ada,fortran,go,lto,objc,obj-c++ --enable-bootstrap --prefix=/usr --libdir=/usr/lib --libexecdir=/usr/lib --mandir=/usr/share/man --infodir=/usr/share/info --with-bugurl=https://bugs.archlinux.org/ --with-linker-hash-style=gnu --with-system-zlib --enable-__cxa_atexit --enable-cet=auto --enable-checking=release --enable-clocale=gnu --enable-default-pie --enable-default-ssp --enable-gnu-indirect-function --enable-gnu-unique-object --enable-linker-build-id --enable-lto --enable-multilib --enable-plugin --enable-shared --enable-threads=posix --disable-libssp --disable-libstdcxx-pch --disable-werror --with-build-config=bootstrap-lto --enable-link-serialization=1
Thread model: posix
Supported LTO compression algorithms: zlib zstd
gcc version 12.1.0 (GCC) 
COLLECT_GCC_OPTIONS='-v' '-o' 'CMakeFiles/cmTC_914f8.dir/CMakeCCompilerABI.c.o' '-c' '-mtune=generic' '-march=x86-64' '-dumpdir' 'CMakeFiles/cmTC_914f8.dir/'
 /usr/lib/gcc/x86_64-pc-linux-gnu/12.1.0/cc1 -quiet -v /usr/share/cmake/Modules/CMakeCCompilerABI.c -quiet -dumpdir CMakeFiles/cmTC_914f8.dir/ -dumpbase CMakeCCompilerABI.c.c -dumpbase-ext .c -mtune=generic -march=x86-64 -version -o /tmp/ccvV8Thl.s
GNU C17 (GCC) version 12.1.0 (x86_64-pc-linux-gnu)
	compiled by GNU C version 12.1.0, GMP version 6.2.1, MPFR version 4.1.0-p13, MPC version 1.2.1, isl version isl-0.24-GMP

GGC heuristics: --param ggc-min-expand=100 --param ggc-min-heapsize=131072
ignoring nonexistent directory "/usr/lib/gcc/x86_64-pc-linux-gnu/12.1.0/../../../../x86_64-pc-linux-gnu/include"
#include "..." search starts here:
#include <...> search starts here:
 /usr/lib/gcc/x86_64-pc-linux-gnu/12.1.0/include
 /usr/local/include
 /usr/lib/gcc/x86_64-pc-linux-gnu/12.1.0/include-fixed
 /usr/include
End of search list.
GNU C17 (GCC) version 12.1.0 (x86_64-pc-linux-gnu)
	compiled by GNU C version 12.1.0, GMP version 6.2.1, MPFR version 4.1.0-p13, MPC version 1.2.1, isl version isl-0.24-GMP

GGC heuristics: --param ggc-min-expand=100 --param ggc-min-heapsize=131072
Compiler executable checksum: 3e6a47a96552b6758214eb71bda8ede7
COLLECT_GCC_OPTIONS='-v' '-o' 'CMakeFiles/cmTC_914f8.dir/CMakeCCompilerABI.c.o' '-c' '-mtune=generic' '-march=x86-64' '-dumpdir' 'CMakeFiles/cmTC_914f8.dir/'
 as -v --64 -o CMakeFiles/cmTC_914f8.dir/CMakeCCompilerABI.c.o /tmp/ccvV8Thl.s
GNU assembler version 2.38 (x86_64-pc-linux-gnu) using BFD version (GNU Binutils) 2.38
COMPILER_PATH=/usr/lib/gcc/x86_64-pc-linux-gnu/12.1.0/:/usr/lib/gcc/x86_64-pc-linux-gnu/12.1.0/:/usr/lib/gcc/x86_64-pc-linux-gnu/:/usr/lib/gcc/x86_64-pc-linux-gnu/12.1.0/:/usr/lib/gcc/x86_64-pc-linux-gnu/
LIBRARY_PATH=/usr/lib/gcc/x86_64-pc-linux-gnu/12.1.0/:/usr/lib/gcc/x86_64-pc-linux-gnu/12.1.0/../../../../lib/:/lib/../lib/:/usr/lib/../lib/:/usr/lib/gcc/x86_64-pc-linux-gnu/12.1.0/../../../:/lib/:/usr/lib/
COLLECT_GCC_OPTIONS='-v' '-o' 'CMakeFiles/cmTC_914f8.dir/CMakeCCompilerABI.c.o' '-c' '-mtune=generic' '-march=x86-64' '-dumpdir' 'CMakeFiles/cmTC_914f8.dir/CMakeCCompilerABI.c.'
Linking C executable cmTC_914f8
/usr/bin/cmake -E cmake_link_script CMakeFiles/cmTC_914f8.dir/link.txt --verbose=1
/usr/bin/cc  -v CMakeFiles/cmTC_914f8.dir/CMakeCCompilerABI.c.o -o cmTC_914f8 
Using built-in specs.
COLLECT_GCC=/usr/bin/cc
COLLECT_LTO_WRAPPER=/usr/lib/gcc/x86_64-pc-linux-gnu/12.1.0/lto-wrapper
Target: x86_64-pc-linux-gnu
Configured with: /build/gcc/src/gcc/configure --enable-languages=c,c++,ada,fortran,go,lto,objc,obj-c++ --enable-bootstrap --prefix=/usr --libdir=/usr/lib --libexecdir=/usr/lib --mandir=/usr/share/man --infodir=/usr/share/info --with-bugurl=https://bugs.archlinux.org/ --with-linker-hash-style=gnu --with-system-zlib --enable-__cxa_atexit --enable-cet=auto --enable-checking=release --enable-clocale=gnu --enable-default-pie --enable-default-ssp --enable-gnu-indirect-function --enable-gnu-unique-object --enable-linker-build-id --enable-lto --enable-multilib --enable-plugin --enable-shared --enable-threads=posix --disable-libssp --disable-libstdcxx-pch --disable-werror --with-build-config=bootstrap-lto --enable-link-serialization=1
Thread model: posix
Supported LTO compression algorithms: zlib zstd
gcc version 12.1.0 (GCC) 
COMPILER_PATH=/usr/lib/gcc/x86_64-pc-linux-gnu/12.1.0/:/usr/lib/gcc/x86_64-pc-linux-gnu/12.1.0/:/usr/lib/gcc/x86_64-pc-linux-gnu/:/usr/lib/gcc/x86_64-pc-linux-gnu/12.1.0/:/usr/lib/gcc/x86_64-pc-linux-gnu/
LIBRARY_PATH=/usr/lib/gcc/x86_64-pc-linux-gnu/12.1.0/:/usr/lib/gcc/x86_64-pc-linux-gnu/12.1.0/../../../../lib/:/lib/../lib/:/usr/lib/../lib/:/usr/lib/gcc/x86_64-pc-linux-gnu/12.1.0/../../../:/lib/:/usr/lib/
COLLECT_GCC_OPTIONS='-v' '-o' 'cmTC_914f8' '-mtune=generic' '-march=x86-64' '-dumpdir' 'cmTC_914f8.'
 /usr/lib/gcc/x86_64-pc-linux-gnu/12.1.0/collect2 -plugin /usr/lib/gcc/x86_64-pc-linux-gnu/12.1.0/liblto_plugin.so -plugin-opt=/usr/lib/gcc/x86_64-pc-linux-gnu/12.1.0/lto-wrapper -plugin-opt=-fresolution=/tmp/ccxONZ9B.res -plugin-opt=-pass-through=-lgcc -plugin-opt=-pass-through=-lgcc_s -plugin-opt=-pass-through=-lc -plugin-opt=-pass-through=-lgcc -plugin-opt=-pass-through=-lgcc_s --build-id --eh-frame-hdr --hash-style=gnu -m elf_x86_64 -dynamic-linker /lib64/ld-linux-x86-64.so.2 -pie -o cmTC_914f8 /usr/lib/gcc/x86_64-pc-linux-gnu/12.1.0/../../../../lib/Scrt1.o /usr/lib/gcc/x86_64-pc-linux-gnu/12.1.0/../../../../lib/crti.o /usr/lib/gcc/x86_64-pc-linux-gnu/12.1.0/crtbeginS.o -L/usr/lib/gcc/x86_64-pc-linux-gnu/12.1.0 -L/usr/lib/gcc/x86_64-pc-linux-gnu/12.1.0/../../../../lib -L/lib/../lib -L/usr/lib/../lib -L/usr/lib/gcc/x86_64-pc-linux-gnu/12.1.0/../../.. CMakeFiles/cmTC_914f8.dir/CMakeCCompilerABI.c.o -lgcc --push-state --as-needed -lgcc_s --pop-state -lc -lgcc --push-state --as-needed -lgcc_s --pop-state /usr/lib/gcc/x86_64-pc-linux-gnu/12.1.0/crtendS.o /usr/lib/gcc/x86_64-pc-linux-gnu/12.1.0/../../../../lib/crtn.o
COLLECT_GCC_OPTIONS='-v' '-o' 'cmTC_914f8' '-mtune=generic' '-march=x86-64' '-dumpdir' 'cmTC_914f8.'
make[1]: Leaving directory '/mnt/792afca2-ecd6-4e41-938a-2e818d0f60d1/home/anon/gitgud-repositories/KDE/seventasks_src/build/CMakeFiles/CMakeTmp'



Parsed C implicit include dir info from above output: rv=done
  found start of include info
  found start of implicit include info
    add: [/usr/lib/gcc/x86_64-pc-linux-gnu/12.1.0/include]
    add: [/usr/local/include]
    add: [/usr/lib/gcc/x86_64-pc-linux-gnu/12.1.0/include-fixed]
    add: [/usr/include]
  end of search list found
  collapse include dir [/usr/lib/gcc/x86_64-pc-linux-gnu/12.1.0/include] ==> [/usr/lib/gcc/x86_64-pc-linux-gnu/12.1.0/include]
  collapse include dir [/usr/local/include] ==> [/usr/local/include]
  collapse include dir [/usr/lib/gcc/x86_64-pc-linux-gnu/12.1.0/include-fixed] ==> [/usr/lib/gcc/x86_64-pc-linux-gnu/12.1.0/include-fixed]
  collapse include dir [/usr/include] ==> [/usr/include]
  implicit include dirs: [/usr/lib/gcc/x86_64-pc-linux-gnu/12.1.0/include;/usr/local/include;/usr/lib/gcc/x86_64-pc-linux-gnu/12.1.0/include-fixed;/usr/include]


Parsed C implicit link information from above output:
  link line regex: [^( *|.*[/\])(ld|CMAKE_LINK_STARTFILE-NOTFOUND|([^/\]+-)?ld|collect2)[^/\]*( |$)]
  ignore line: [Change Dir: /mnt/792afca2-ecd6-4e41-938a-2e818d0f60d1/home/anon/gitgud-repositories/KDE/seventasks_src/build/CMakeFiles/CMakeTmp]
  ignore line: []
  ignore line: [Run Build Command(s):/usr/bin/make -f Makefile cmTC_914f8/fast && /usr/bin/make  -f CMakeFiles/cmTC_914f8.dir/build.make CMakeFiles/cmTC_914f8.dir/build]
  ignore line: [make[1]: Entering directory '/mnt/792afca2-ecd6-4e41-938a-2e818d0f60d1/home/anon/gitgud-repositories/KDE/seventasks_src/build/CMakeFiles/CMakeTmp']
  ignore line: [Building C object CMakeFiles/cmTC_914f8.dir/CMakeCCompilerABI.c.o]
  ignore line: [/usr/bin/cc   -v -o CMakeFiles/cmTC_914f8.dir/CMakeCCompilerABI.c.o -c /usr/share/cmake/Modules/CMakeCCompilerABI.c]
  ignore line: [Using built-in specs.]
  ignore line: [COLLECT_GCC=/usr/bin/cc]
  ignore line: [Target: x86_64-pc-linux-gnu]
  ignore line: [Configured with: /build/gcc/src/gcc/configure --enable-languages=c c++ ada fortran go lto objc obj-c++ --enable-bootstrap --prefix=/usr --libdir=/usr/lib --libexecdir=/usr/lib --mandir=/usr/share/man --infodir=/usr/share/info --with-bugurl=https://bugs.archlinux.org/ --with-linker-hash-style=gnu --with-system-zlib --enable-__cxa_atexit --enable-cet=auto --enable-checking=release --enable-clocale=gnu --enable-default-pie --enable-default-ssp --enable-gnu-indirect-function --enable-gnu-unique-object --enable-linker-build-id --enable-lto --enable-multilib --enable-plugin --enable-shared --enable-threads=posix --disable-libssp --disable-libstdcxx-pch --disable-werror --with-build-config=bootstrap-lto --enable-link-serialization=1]
  ignore line: [Thread model: posix]
  ignore line: [Supported LTO compression algorithms: zlib zstd]
  ignore line: [gcc version 12.1.0 (GCC) ]
  ignore line: [COLLECT_GCC_OPTIONS='-v' '-o' 'CMakeFiles/cmTC_914f8.dir/CMakeCCompilerABI.c.o' '-c' '-mtune=generic' '-march=x86-64' '-dumpdir' 'CMakeFiles/cmTC_914f8.dir/']
  ignore line: [ /usr/lib/gcc/x86_64-pc-linux-gnu/12.1.0/cc1 -quiet -v /usr/share/cmake/Modules/CMakeCCompilerABI.c -quiet -dumpdir CMakeFiles/cmTC_914f8.dir/ -dumpbase CMakeCCompilerABI.c.c -dumpbase-ext .c -mtune=generic -march=x86-64 -version -o /tmp/ccvV8Thl.s]
  ignore line: [GNU C17 (GCC) version 12.1.0 (x86_64-pc-linux-gnu)]
  ignore line: [	compiled by GNU C version 12.1.0  GMP version 6.2.1  MPFR version 4.1.0-p13  MPC version 1.2.1  isl version isl-0.24-GMP]
  ignore line: []
  ignore line: [GGC heuristics: --param ggc-min-expand=100 --param ggc-min-heapsize=131072]
  ignore line: [ignoring nonexistent directory "/usr/lib/gcc/x86_64-pc-linux-gnu/12.1.0/../../../../x86_64-pc-linux-gnu/include"]
  ignore line: [#include "..." search starts here:]
  ignore line: [#include <...> search starts here:]
  ignore line: [ /usr/lib/gcc/x86_64-pc-linux-gnu/12.1.0/include]
  ignore line: [ /usr/local/include]
  ignore line: [ /usr/lib/gcc/x86_64-pc-linux-gnu/12.1.0/include-fixed]
  ignore line: [ /usr/include]
  ignore line: [End of search list.]
  ignore line: [GNU C17 (GCC) version 12.1.0 (x86_64-pc-linux-gnu)]
  ignore line: [	compiled by GNU C version 12.1.0  GMP version 6.2.1  MPFR version 4.1.0-p13  MPC version 1.2.1  isl version isl-0.24-GMP]
  ignore line: []
  ignore line: [GGC heuristics: --param ggc-min-expand=100 --param ggc-min-heapsize=131072]
  ignore line: [Compiler executable checksum: 3e6a47a96552b6758214eb71bda8ede7]
  ignore line: [COLLECT_GCC_OPTIONS='-v' '-o' 'CMakeFiles/cmTC_914f8.dir/CMakeCCompilerABI.c.o' '-c' '-mtune=generic' '-march=x86-64' '-dumpdir' 'CMakeFiles/cmTC_914f8.dir/']
  ignore line: [ as -v --64 -o CMakeFiles/cmTC_914f8.dir/CMakeCCompilerABI.c.o /tmp/ccvV8Thl.s]
  ignore line: [GNU assembler version 2.38 (x86_64-pc-linux-gnu) using BFD version (GNU Binutils) 2.38]
  ignore line: [COMPILER_PATH=/usr/lib/gcc/x86_64-pc-linux-gnu/12.1.0/:/usr/lib/gcc/x86_64-pc-linux-gnu/12.1.0/:/usr/lib/gcc/x86_64-pc-linux-gnu/:/usr/lib/gcc/x86_64-pc-linux-gnu/12.1.0/:/usr/lib/gcc/x86_64-pc-linux-gnu/]
  ignore line: [LIBRARY_PATH=/usr/lib/gcc/x86_64-pc-linux-gnu/12.1.0/:/usr/lib/gcc/x86_64-pc-linux-gnu/12.1.0/../../../../lib/:/lib/../lib/:/usr/lib/../lib/:/usr/lib/gcc/x86_64-pc-linux-gnu/12.1.0/../../../:/lib/:/usr/lib/]
  ignore line: [COLLECT_GCC_OPTIONS='-v' '-o' 'CMakeFiles/cmTC_914f8.dir/CMakeCCompilerABI.c.o' '-c' '-mtune=generic' '-march=x86-64' '-dumpdir' 'CMakeFiles/cmTC_914f8.dir/CMakeCCompilerABI.c.']
  ignore line: [Linking C executable cmTC_914f8]
  ignore line: [/usr/bin/cmake -E cmake_link_script CMakeFiles/cmTC_914f8.dir/link.txt --verbose=1]
  ignore line: [/usr/bin/cc  -v CMakeFiles/cmTC_914f8.dir/CMakeCCompilerABI.c.o -o cmTC_914f8 ]
  ignore line: [Using built-in specs.]
  ignore line: [COLLECT_GCC=/usr/bin/cc]
  ignore line: [COLLECT_LTO_WRAPPER=/usr/lib/gcc/x86_64-pc-linux-gnu/12.1.0/lto-wrapper]
  ignore line: [Target: x86_64-pc-linux-gnu]
  ignore line: [Configured with: /build/gcc/src/gcc/configure --enable-languages=c c++ ada fortran go lto objc obj-c++ --enable-bootstrap --prefix=/usr --libdir=/usr/lib --libexecdir=/usr/lib --mandir=/usr/share/man --infodir=/usr/share/info --with-bugurl=https://bugs.archlinux.org/ --with-linker-hash-style=gnu --with-system-zlib --enable-__cxa_atexit --enable-cet=auto --enable-checking=release --enable-clocale=gnu --enable-default-pie --enable-default-ssp --enable-gnu-indirect-function --enable-gnu-unique-object --enable-linker-build-id --enable-lto --enable-multilib --enable-plugin --enable-shared --enable-threads=posix --disable-libssp --disable-libstdcxx-pch --disable-werror --with-build-config=bootstrap-lto --enable-link-serialization=1]
  ignore line: [Thread model: posix]
  ignore line: [Supported LTO compression algorithms: zlib zstd]
  ignore line: [gcc version 12.1.0 (GCC) ]
  ignore line: [COMPILER_PATH=/usr/lib/gcc/x86_64-pc-linux-gnu/12.1.0/:/usr/lib/gcc/x86_64-pc-linux-gnu/12.1.0/:/usr/lib/gcc/x86_64-pc-linux-gnu/:/usr/lib/gcc/x86_64-pc-linux-gnu/12.1.0/:/usr/lib/gcc/x86_64-pc-linux-gnu/]
  ignore line: [LIBRARY_PATH=/usr/lib/gcc/x86_64-pc-linux-gnu/12.1.0/:/usr/lib/gcc/x86_64-pc-linux-gnu/12.1.0/../../../../lib/:/lib/../lib/:/usr/lib/../lib/:/usr/lib/gcc/x86_64-pc-linux-gnu/12.1.0/../../../:/lib/:/usr/lib/]
  ignore line: [COLLECT_GCC_OPTIONS='-v' '-o' 'cmTC_914f8' '-mtune=generic' '-march=x86-64' '-dumpdir' 'cmTC_914f8.']
  link line: [ /usr/lib/gcc/x86_64-pc-linux-gnu/12.1.0/collect2 -plugin /usr/lib/gcc/x86_64-pc-linux-gnu/12.1.0/liblto_plugin.so -plugin-opt=/usr/lib/gcc/x86_64-pc-linux-gnu/12.1.0/lto-wrapper -plugin-opt=-fresolution=/tmp/ccxONZ9B.res -plugin-opt=-pass-through=-lgcc -plugin-opt=-pass-through=-lgcc_s -plugin-opt=-pass-through=-lc -plugin-opt=-pass-through=-lgcc -plugin-opt=-pass-through=-lgcc_s --build-id --eh-frame-hdr --hash-style=gnu -m elf_x86_64 -dynamic-linker /lib64/ld-linux-x86-64.so.2 -pie -o cmTC_914f8 /usr/lib/gcc/x86_64-pc-linux-gnu/12.1.0/../../../../lib/Scrt1.o /usr/lib/gcc/x86_64-pc-linux-gnu/12.1.0/../../../../lib/crti.o /usr/lib/gcc/x86_64-pc-linux-gnu/12.1.0/crtbeginS.o -L/usr/lib/gcc/x86_64-pc-linux-gnu/12.1.0 -L/usr/lib/gcc/x86_64-pc-linux-gnu/12.1.0/../../../../lib -L/lib/../lib -L/usr/lib/../lib -L/usr/lib/gcc/x86_64-pc-linux-gnu/12.1.0/../../.. CMakeFiles/cmTC_914f8.dir/CMakeCCompilerABI.c.o -lgcc --push-state --as-needed -lgcc_s --pop-state -lc -lgcc --push-state --as-needed -lgcc_s --pop-state /usr/lib/gcc/x86_64-pc-linux-gnu/12.1.0/crtendS.o /usr/lib/gcc/x86_64-pc-linux-gnu/12.1.0/../../../../lib/crtn.o]
    arg [/usr/lib/gcc/x86_64-pc-linux-gnu/12.1.0/collect2] ==> ignore
    arg [-plugin] ==> ignore
    arg [/usr/lib/gcc/x86_64-pc-linux-gnu/12.1.0/liblto_plugin.so] ==> ignore
    arg [-plugin-opt=/usr/lib/gcc/x86_64-pc-linux-gnu/12.1.0/lto-wrapper] ==> ignore
    arg [-plugin-opt=-fresolution=/tmp/ccxONZ9B.res] ==> ignore
    arg [-plugin-opt=-pass-through=-lgcc] ==> ignore
    arg [-plugin-opt=-pass-through=-lgcc_s] ==> ignore
    arg [-plugin-opt=-pass-through=-lc] ==> ignore
    arg [-plugin-opt=-pass-through=-lgcc] ==> ignore
    arg [-plugin-opt=-pass-through=-lgcc_s] ==> ignore
    arg [--build-id] ==> ignore
    arg [--eh-frame-hdr] ==> ignore
    arg [--hash-style=gnu] ==> ignore
    arg [-m] ==> ignore
    arg [elf_x86_64] ==> ignore
    arg [-dynamic-linker] ==> ignore
    arg [/lib64/ld-linux-x86-64.so.2] ==> ignore
    arg [-pie] ==> ignore
    arg [-o] ==> ignore
    arg [cmTC_914f8] ==> ignore
    arg [/usr/lib/gcc/x86_64-pc-linux-gnu/12.1.0/../../../../lib/Scrt1.o] ==> obj [/usr/lib/gcc/x86_64-pc-linux-gnu/12.1.0/../../../../lib/Scrt1.o]
    arg [/usr/lib/gcc/x86_64-pc-linux-gnu/12.1.0/../../../../lib/crti.o] ==> obj [/usr/lib/gcc/x86_64-pc-linux-gnu/12.1.0/../../../../lib/crti.o]
    arg [/usr/lib/gcc/x86_64-pc-linux-gnu/12.1.0/crtbeginS.o] ==> obj [/usr/lib/gcc/x86_64-pc-linux-gnu/12.1.0/crtbeginS.o]
    arg [-L/usr/lib/gcc/x86_64-pc-linux-gnu/12.1.0] ==> dir [/usr/lib/gcc/x86_64-pc-linux-gnu/12.1.0]
    arg [-L/usr/lib/gcc/x86_64-pc-linux-gnu/12.1.0/../../../../lib] ==> dir [/usr/lib/gcc/x86_64-pc-linux-gnu/12.1.0/../../../../lib]
    arg [-L/lib/../lib] ==> dir [/lib/../lib]
    arg [-L/usr/lib/../lib] ==> dir [/usr/lib/../lib]
    arg [-L/usr/lib/gcc/x86_64-pc-linux-gnu/12.1.0/../../..] ==> dir [/usr/lib/gcc/x86_64-pc-linux-gnu/12.1.0/../../..]
    arg [CMakeFiles/cmTC_914f8.dir/CMakeCCompilerABI.c.o] ==> ignore
    arg [-lgcc] ==> lib [gcc]
    arg [--push-state] ==> ignore
    arg [--as-needed] ==> ignore
    arg [-lgcc_s] ==> lib [gcc_s]
    arg [--pop-state] ==> ignore
    arg [-lc] ==> lib [c]
    arg [-lgcc] ==> lib [gcc]
    arg [--push-state] ==> ignore
    arg [--as-needed] ==> ignore
    arg [-lgcc_s] ==> lib [gcc_s]
    arg [--pop-state] ==> ignore
    arg [/usr/lib/gcc/x86_64-pc-linux-gnu/12.1.0/crtendS.o] ==> obj [/usr/lib/gcc/x86_64-pc-linux-gnu/12.1.0/crtendS.o]
    arg [/usr/lib/gcc/x86_64-pc-linux-gnu/12.1.0/../../../../lib/crtn.o] ==> obj [/usr/lib/gcc/x86_64-pc-linux-gnu/12.1.0/../../../../lib/crtn.o]
  collapse obj [/usr/lib/gcc/x86_64-pc-linux-gnu/12.1.0/../../../../lib/Scrt1.o] ==> [/usr/lib/Scrt1.o]
  collapse obj [/usr/lib/gcc/x86_64-pc-linux-gnu/12.1.0/../../../../lib/crti.o] ==> [/usr/lib/crti.o]
  collapse obj [/usr/lib/gcc/x86_64-pc-linux-gnu/12.1.0/../../../../lib/crtn.o] ==> [/usr/lib/crtn.o]
  collapse library dir [/usr/lib/gcc/x86_64-pc-linux-gnu/12.1.0] ==> [/usr/lib/gcc/x86_64-pc-linux-gnu/12.1.0]
  collapse library dir [/usr/lib/gcc/x86_64-pc-linux-gnu/12.1.0/../../../../lib] ==> [/usr/lib]
  collapse library dir [/lib/../lib] ==> [/lib]
  collapse library dir [/usr/lib/../lib] ==> [/usr/lib]
  collapse library dir [/usr/lib/gcc/x86_64-pc-linux-gnu/12.1.0/../../..] ==> [/usr/lib]
  implicit libs: [gcc;gcc_s;c;gcc;gcc_s]
  implicit objs: [/usr/lib/Scrt1.o;/usr/lib/crti.o;/usr/lib/gcc/x86_64-pc-linux-gnu/12.1.0/crtbeginS.o;/usr/lib/gcc/x86_64-pc-linux-gnu/12.1.0/crtendS.o;/usr/lib/crtn.o]
  implicit dirs: [/usr/lib/gcc/x86_64-pc-linux-gnu/12.1.0;/usr/lib;/lib]
  implicit fwks: []


Detecting CXX compiler ABI info compiled with the following output:
Change Dir: /mnt/792afca2-ecd6-4e41-938a-2e818d0f60d1/home/anon/gitgud-repositories/KDE/seventasks_src/build/CMakeFiles/CMakeTmp

Run Build Command(s):/usr/bin/make -f Makefile cmTC_cf666/fast && /usr/bin/make  -f CMakeFiles/cmTC_cf666.dir/build.make CMakeFiles/cmTC_cf666.dir/build
make[1]: Entering directory '/mnt/792afca2-ecd6-4e41-938a-2e818d0f60d1/home/anon/gitgud-repositories/KDE/seventasks_src/build/CMakeFiles/CMakeTmp'
Building CXX object CMakeFiles/cmTC_cf666.dir/CMakeCXXCompilerABI.cpp.o
/usr/bin/c++   -v -o CMakeFiles/cmTC_cf666.dir/CMakeCXXCompilerABI.cpp.o -c /usr/share/cmake/Modules/CMakeCXXCompilerABI.cpp
Using built-in specs.
COLLECT_GCC=/usr/bin/c++
Target: x86_64-pc-linux-gnu
Configured with: /build/gcc/src/gcc/configure --enable-languages=c,c++,ada,fortran,go,lto,objc,obj-c++ --enable-bootstrap --prefix=/usr --libdir=/usr/lib --libexecdir=/usr/lib --mandir=/usr/share/man --infodir=/usr/share/info --with-bugurl=https://bugs.archlinux.org/ --with-linker-hash-style=gnu --with-system-zlib --enable-__cxa_atexit --enable-cet=auto --enable-checking=release --enable-clocale=gnu --enable-default-pie --enable-default-ssp --enable-gnu-indirect-function --enable-gnu-unique-object --enable-linker-build-id --enable-lto --enable-multilib --enable-plugin --enable-shared --enable-threads=posix --disable-libssp --disable-libstdcxx-pch --disable-werror --with-build-config=bootstrap-lto --enable-link-serialization=1
Thread model: posix
Supported LTO compression algorithms: zlib zstd
gcc version 12.1.0 (GCC) 
COLLECT_GCC_OPTIONS='-v' '-o' 'CMakeFiles/cmTC_cf666.dir/CMakeCXXCompilerABI.cpp.o' '-c' '-shared-libgcc' '-mtune=generic' '-march=x86-64' '-dumpdir' 'CMakeFiles/cmTC_cf666.dir/'
 /usr/lib/gcc/x86_64-pc-linux-gnu/12.1.0/cc1plus -quiet -v -D_GNU_SOURCE /usr/share/cmake/Modules/CMakeCXXCompilerABI.cpp -quiet -dumpdir CMakeFiles/cmTC_cf666.dir/ -dumpbase CMakeCXXCompilerABI.cpp.cpp -dumpbase-ext .cpp -mtune=generic -march=x86-64 -version -o /tmp/ccDkpxEf.s
GNU C++17 (GCC) version 12.1.0 (x86_64-pc-linux-gnu)
	compiled by GNU C version 12.1.0, GMP version 6.2.1, MPFR version 4.1.0-p13, MPC version 1.2.1, isl version isl-0.24-GMP

GGC heuristics: --param ggc-min-expand=100 --param ggc-min-heapsize=131072
ignoring nonexistent directory "/usr/lib/gcc/x86_64-pc-linux-gnu/12.1.0/../../../../x86_64-pc-linux-gnu/include"
#include "..." search starts here:
#include <...> search starts here:
 /usr/lib/gcc/x86_64-pc-linux-gnu/12.1.0/../../../../include/c++/12.1.0
 /usr/lib/gcc/x86_64-pc-linux-gnu/12.1.0/../../../../include/c++/12.1.0/x86_64-pc-linux-gnu
 /usr/lib/gcc/x86_64-pc-linux-gnu/12.1.0/../../../../include/c++/12.1.0/backward
 /usr/lib/gcc/x86_64-pc-linux-gnu/12.1.0/include
 /usr/local/include
 /usr/lib/gcc/x86_64-pc-linux-gnu/12.1.0/include-fixed
 /usr/include
End of search list.
GNU C++17 (GCC) version 12.1.0 (x86_64-pc-linux-gnu)
	compiled by GNU C version 12.1.0, GMP version 6.2.1, MPFR version 4.1.0-p13, MPC version 1.2.1, isl version isl-0.24-GMP

GGC heuristics: --param ggc-min-expand=100 --param ggc-min-heapsize=131072
Compiler executable checksum: 14439460ac50886fda7029a3ce5859f0
COLLECT_GCC_OPTIONS='-v' '-o' 'CMakeFiles/cmTC_cf666.dir/CMakeCXXCompilerABI.cpp.o' '-c' '-shared-libgcc' '-mtune=generic' '-march=x86-64' '-dumpdir' 'CMakeFiles/cmTC_cf666.dir/'
 as -v --64 -o CMakeFiles/cmTC_cf666.dir/CMakeCXXCompilerABI.cpp.o /tmp/ccDkpxEf.s
GNU assembler version 2.38 (x86_64-pc-linux-gnu) using BFD version (GNU Binutils) 2.38
COMPILER_PATH=/usr/lib/gcc/x86_64-pc-linux-gnu/12.1.0/:/usr/lib/gcc/x86_64-pc-linux-gnu/12.1.0/:/usr/lib/gcc/x86_64-pc-linux-gnu/:/usr/lib/gcc/x86_64-pc-linux-gnu/12.1.0/:/usr/lib/gcc/x86_64-pc-linux-gnu/
LIBRARY_PATH=/usr/lib/gcc/x86_64-pc-linux-gnu/12.1.0/:/usr/lib/gcc/x86_64-pc-linux-gnu/12.1.0/../../../../lib/:/lib/../lib/:/usr/lib/../lib/:/usr/lib/gcc/x86_64-pc-linux-gnu/12.1.0/../../../:/lib/:/usr/lib/
COLLECT_GCC_OPTIONS='-v' '-o' 'CMakeFiles/cmTC_cf666.dir/CMakeCXXCompilerABI.cpp.o' '-c' '-shared-libgcc' '-mtune=generic' '-march=x86-64' '-dumpdir' 'CMakeFiles/cmTC_cf666.dir/CMakeCXXCompilerABI.cpp.'
Linking CXX executable cmTC_cf666
/usr/bin/cmake -E cmake_link_script CMakeFiles/cmTC_cf666.dir/link.txt --verbose=1
/usr/bin/c++  -v CMakeFiles/cmTC_cf666.dir/CMakeCXXCompilerABI.cpp.o -o cmTC_cf666 
Using built-in specs.
COLLECT_GCC=/usr/bin/c++
COLLECT_LTO_WRAPPER=/usr/lib/gcc/x86_64-pc-linux-gnu/12.1.0/lto-wrapper
Target: x86_64-pc-linux-gnu
Configured with: /build/gcc/src/gcc/configure --enable-languages=c,c++,ada,fortran,go,lto,objc,obj-c++ --enable-bootstrap --prefix=/usr --libdir=/usr/lib --libexecdir=/usr/lib --mandir=/usr/share/man --infodir=/usr/share/info --with-bugurl=https://bugs.archlinux.org/ --with-linker-hash-style=gnu --with-system-zlib --enable-__cxa_atexit --enable-cet=auto --enable-checking=release --enable-clocale=gnu --enable-default-pie --enable-default-ssp --enable-gnu-indirect-function --enable-gnu-unique-object --enable-linker-build-id --enable-lto --enable-multilib --enable-plugin --enable-shared --enable-threads=posix --disable-libssp --disable-libstdcxx-pch --disable-werror --with-build-config=bootstrap-lto --enable-link-serialization=1
Thread model: posix
Supported LTO compression algorithms: zlib zstd
gcc version 12.1.0 (GCC) 
COMPILER_PATH=/usr/lib/gcc/x86_64-pc-linux-gnu/12.1.0/:/usr/lib/gcc/x86_64-pc-linux-gnu/12.1.0/:/usr/lib/gcc/x86_64-pc-linux-gnu/:/usr/lib/gcc/x86_64-pc-linux-gnu/12.1.0/:/usr/lib/gcc/x86_64-pc-linux-gnu/
LIBRARY_PATH=/usr/lib/gcc/x86_64-pc-linux-gnu/12.1.0/:/usr/lib/gcc/x86_64-pc-linux-gnu/12.1.0/../../../../lib/:/lib/../lib/:/usr/lib/../lib/:/usr/lib/gcc/x86_64-pc-linux-gnu/12.1.0/../../../:/lib/:/usr/lib/
COLLECT_GCC_OPTIONS='-v' '-o' 'cmTC_cf666' '-shared-libgcc' '-mtune=generic' '-march=x86-64' '-dumpdir' 'cmTC_cf666.'
 /usr/lib/gcc/x86_64-pc-linux-gnu/12.1.0/collect2 -plugin /usr/lib/gcc/x86_64-pc-linux-gnu/12.1.0/liblto_plugin.so -plugin-opt=/usr/lib/gcc/x86_64-pc-linux-gnu/12.1.0/lto-wrapper -plugin-opt=-fresolution=/tmp/ccITLhpX.res -plugin-opt=-pass-through=-lgcc_s -plugin-opt=-pass-through=-lgcc -plugin-opt=-pass-through=-lc -plugin-opt=-pass-through=-lgcc_s -plugin-opt=-pass-through=-lgcc --build-id --eh-frame-hdr --hash-style=gnu -m elf_x86_64 -dynamic-linker /lib64/ld-linux-x86-64.so.2 -pie -o cmTC_cf666 /usr/lib/gcc/x86_64-pc-linux-gnu/12.1.0/../../../../lib/Scrt1.o /usr/lib/gcc/x86_64-pc-linux-gnu/12.1.0/../../../../lib/crti.o /usr/lib/gcc/x86_64-pc-linux-gnu/12.1.0/crtbeginS.o -L/usr/lib/gcc/x86_64-pc-linux-gnu/12.1.0 -L/usr/lib/gcc/x86_64-pc-linux-gnu/12.1.0/../../../../lib -L/lib/../lib -L/usr/lib/../lib -L/usr/lib/gcc/x86_64-pc-linux-gnu/12.1.0/../../.. CMakeFiles/cmTC_cf666.dir/CMakeCXXCompilerABI.cpp.o -lstdc++ -lm -lgcc_s -lgcc -lc -lgcc_s -lgcc /usr/lib/gcc/x86_64-pc-linux-gnu/12.1.0/crtendS.o /usr/lib/gcc/x86_64-pc-linux-gnu/12.1.0/../../../../lib/crtn.o
COLLECT_GCC_OPTIONS='-v' '-o' 'cmTC_cf666' '-shared-libgcc' '-mtune=generic' '-march=x86-64' '-dumpdir' 'cmTC_cf666.'
make[1]: Leaving directory '/mnt/792afca2-ecd6-4e41-938a-2e818d0f60d1/home/anon/gitgud-repositories/KDE/seventasks_src/build/CMakeFiles/CMakeTmp'



Parsed CXX implicit include dir info from above output: rv=done
  found start of include info
  found start of implicit include info
    add: [/usr/lib/gcc/x86_64-pc-linux-gnu/12.1.0/../../../../include/c++/12.1.0]
    add: [/usr/lib/gcc/x86_64-pc-linux-gnu/12.1.0/../../../../include/c++/12.1.0/x86_64-pc-linux-gnu]
    add: [/usr/lib/gcc/x86_64-pc-linux-gnu/12.1.0/../../../../include/c++/12.1.0/backward]
    add: [/usr/lib/gcc/x86_64-pc-linux-gnu/12.1.0/include]
    add: [/usr/local/include]
    add: [/usr/lib/gcc/x86_64-pc-linux-gnu/12.1.0/include-fixed]
    add: [/usr/include]
  end of search list found
  collapse include dir [/usr/lib/gcc/x86_64-pc-linux-gnu/12.1.0/../../../../include/c++/12.1.0] ==> [/usr/include/c++/12.1.0]
  collapse include dir [/usr/lib/gcc/x86_64-pc-linux-gnu/12.1.0/../../../../include/c++/12.1.0/x86_64-pc-linux-gnu] ==> [/usr/include/c++/12.1.0/x86_64-pc-linux-gnu]
  collapse include dir [/usr/lib/gcc/x86_64-pc-linux-gnu/12.1.0/../../../../include/c++/12.1.0/backward] ==> [/usr/include/c++/12.1.0/backward]
  collapse include dir [/usr/lib/gcc/x86_64-pc-linux-gnu/12.1.0/include] ==> [/usr/lib/gcc/x86_64-pc-linux-gnu/12.1.0/include]
  collapse include dir [/usr/local/include] ==> [/usr/local/include]
  collapse include dir [/usr/lib/gcc/x86_64-pc-linux-gnu/12.1.0/include-fixed] ==> [/usr/lib/gcc/x86_64-pc-linux-gnu/12.1.0/include-fixed]
  collapse include dir [/usr/include] ==> [/usr/include]
  implicit include dirs: [/usr/include/c++/12.1.0;/usr/include/c++/12.1.0/x86_64-pc-linux-gnu;/usr/include/c++/12.1.0/backward;/usr/lib/gcc/x86_64-pc-linux-gnu/12.1.0/include;/usr/local/include;/usr/lib/gcc/x86_64-pc-linux-gnu/12.1.0/include-fixed;/usr/include]


Parsed CXX implicit link information from above output:
  link line regex: [^( *|.*[/\])(ld|CMAKE_LINK_STARTFILE-NOTFOUND|([^/\]+-)?ld|collect2)[^/\]*( |$)]
  ignore line: [Change Dir: /mnt/792afca2-ecd6-4e41-938a-2e818d0f60d1/home/anon/gitgud-repositories/KDE/seventasks_src/build/CMakeFiles/CMakeTmp]
  ignore line: []
  ignore line: [Run Build Command(s):/usr/bin/make -f Makefile cmTC_cf666/fast && /usr/bin/make  -f CMakeFiles/cmTC_cf666.dir/build.make CMakeFiles/cmTC_cf666.dir/build]
  ignore line: [make[1]: Entering directory '/mnt/792afca2-ecd6-4e41-938a-2e818d0f60d1/home/anon/gitgud-repositories/KDE/seventasks_src/build/CMakeFiles/CMakeTmp']
  ignore line: [Building CXX object CMakeFiles/cmTC_cf666.dir/CMakeCXXCompilerABI.cpp.o]
  ignore line: [/usr/bin/c++   -v -o CMakeFiles/cmTC_cf666.dir/CMakeCXXCompilerABI.cpp.o -c /usr/share/cmake/Modules/CMakeCXXCompilerABI.cpp]
  ignore line: [Using built-in specs.]
  ignore line: [COLLECT_GCC=/usr/bin/c++]
  ignore line: [Target: x86_64-pc-linux-gnu]
  ignore line: [Configured with: /build/gcc/src/gcc/configure --enable-languages=c c++ ada fortran go lto objc obj-c++ --enable-bootstrap --prefix=/usr --libdir=/usr/lib --libexecdir=/usr/lib --mandir=/usr/share/man --infodir=/usr/share/info --with-bugurl=https://bugs.archlinux.org/ --with-linker-hash-style=gnu --with-system-zlib --enable-__cxa_atexit --enable-cet=auto --enable-checking=release --enable-clocale=gnu --enable-default-pie --enable-default-ssp --enable-gnu-indirect-function --enable-gnu-unique-object --enable-linker-build-id --enable-lto --enable-multilib --enable-plugin --enable-shared --enable-threads=posix --disable-libssp --disable-libstdcxx-pch --disable-werror --with-build-config=bootstrap-lto --enable-link-serialization=1]
  ignore line: [Thread model: posix]
  ignore line: [Supported LTO compression algorithms: zlib zstd]
  ignore line: [gcc version 12.1.0 (GCC) ]
  ignore line: [COLLECT_GCC_OPTIONS='-v' '-o' 'CMakeFiles/cmTC_cf666.dir/CMakeCXXCompilerABI.cpp.o' '-c' '-shared-libgcc' '-mtune=generic' '-march=x86-64' '-dumpdir' 'CMakeFiles/cmTC_cf666.dir/']
  ignore line: [ /usr/lib/gcc/x86_64-pc-linux-gnu/12.1.0/cc1plus -quiet -v -D_GNU_SOURCE /usr/share/cmake/Modules/CMakeCXXCompilerABI.cpp -quiet -dumpdir CMakeFiles/cmTC_cf666.dir/ -dumpbase CMakeCXXCompilerABI.cpp.cpp -dumpbase-ext .cpp -mtune=generic -march=x86-64 -version -o /tmp/ccDkpxEf.s]
  ignore line: [GNU C++17 (GCC) version 12.1.0 (x86_64-pc-linux-gnu)]
  ignore line: [	compiled by GNU C version 12.1.0  GMP version 6.2.1  MPFR version 4.1.0-p13  MPC version 1.2.1  isl version isl-0.24-GMP]
  ignore line: []
  ignore line: [GGC heuristics: --param ggc-min-expand=100 --param ggc-min-heapsize=131072]
  ignore line: [ignoring nonexistent directory "/usr/lib/gcc/x86_64-pc-linux-gnu/12.1.0/../../../../x86_64-pc-linux-gnu/include"]
  ignore line: [#include "..." search starts here:]
  ignore line: [#include <...> search starts here:]
  ignore line: [ /usr/lib/gcc/x86_64-pc-linux-gnu/12.1.0/../../../../include/c++/12.1.0]
  ignore line: [ /usr/lib/gcc/x86_64-pc-linux-gnu/12.1.0/../../../../include/c++/12.1.0/x86_64-pc-linux-gnu]
  ignore line: [ /usr/lib/gcc/x86_64-pc-linux-gnu/12.1.0/../../../../include/c++/12.1.0/backward]
  ignore line: [ /usr/lib/gcc/x86_64-pc-linux-gnu/12.1.0/include]
  ignore line: [ /usr/local/include]
  ignore line: [ /usr/lib/gcc/x86_64-pc-linux-gnu/12.1.0/include-fixed]
  ignore line: [ /usr/include]
  ignore line: [End of search list.]
  ignore line: [GNU C++17 (GCC) version 12.1.0 (x86_64-pc-linux-gnu)]
  ignore line: [	compiled by GNU C version 12.1.0  GMP version 6.2.1  MPFR version 4.1.0-p13  MPC version 1.2.1  isl version isl-0.24-GMP]
  ignore line: []
  ignore line: [GGC heuristics: --param ggc-min-expand=100 --param ggc-min-heapsize=131072]
  ignore line: [Compiler executable checksum: 14439460ac50886fda7029a3ce5859f0]
  ignore line: [COLLECT_GCC_OPTIONS='-v' '-o' 'CMakeFiles/cmTC_cf666.dir/CMakeCXXCompilerABI.cpp.o' '-c' '-shared-libgcc' '-mtune=generic' '-march=x86-64' '-dumpdir' 'CMakeFiles/cmTC_cf666.dir/']
  ignore line: [ as -v --64 -o CMakeFiles/cmTC_cf666.dir/CMakeCXXCompilerABI.cpp.o /tmp/ccDkpxEf.s]
  ignore line: [GNU assembler version 2.38 (x86_64-pc-linux-gnu) using BFD version (GNU Binutils) 2.38]
  ignore line: [COMPILER_PATH=/usr/lib/gcc/x86_64-pc-linux-gnu/12.1.0/:/usr/lib/gcc/x86_64-pc-linux-gnu/12.1.0/:/usr/lib/gcc/x86_64-pc-linux-gnu/:/usr/lib/gcc/x86_64-pc-linux-gnu/12.1.0/:/usr/lib/gcc/x86_64-pc-linux-gnu/]
  ignore line: [LIBRARY_PATH=/usr/lib/gcc/x86_64-pc-linux-gnu/12.1.0/:/usr/lib/gcc/x86_64-pc-linux-gnu/12.1.0/../../../../lib/:/lib/../lib/:/usr/lib/../lib/:/usr/lib/gcc/x86_64-pc-linux-gnu/12.1.0/../../../:/lib/:/usr/lib/]
  ignore line: [COLLECT_GCC_OPTIONS='-v' '-o' 'CMakeFiles/cmTC_cf666.dir/CMakeCXXCompilerABI.cpp.o' '-c' '-shared-libgcc' '-mtune=generic' '-march=x86-64' '-dumpdir' 'CMakeFiles/cmTC_cf666.dir/CMakeCXXCompilerABI.cpp.']
  ignore line: [Linking CXX executable cmTC_cf666]
  ignore line: [/usr/bin/cmake -E cmake_link_script CMakeFiles/cmTC_cf666.dir/link.txt --verbose=1]
  ignore line: [/usr/bin/c++  -v CMakeFiles/cmTC_cf666.dir/CMakeCXXCompilerABI.cpp.o -o cmTC_cf666 ]
  ignore line: [Using built-in specs.]
  ignore line: [COLLECT_GCC=/usr/bin/c++]
  ignore line: [COLLECT_LTO_WRAPPER=/usr/lib/gcc/x86_64-pc-linux-gnu/12.1.0/lto-wrapper]
  ignore line: [Target: x86_64-pc-linux-gnu]
  ignore line: [Configured with: /build/gcc/src/gcc/configure --enable-languages=c c++ ada fortran go lto objc obj-c++ --enable-bootstrap --prefix=/usr --libdir=/usr/lib --libexecdir=/usr/lib --mandir=/usr/share/man --infodir=/usr/share/info --with-bugurl=https://bugs.archlinux.org/ --with-linker-hash-style=gnu --with-system-zlib --enable-__cxa_atexit --enable-cet=auto --enable-checking=release --enable-clocale=gnu --enable-default-pie --enable-default-ssp --enable-gnu-indirect-function --enable-gnu-unique-object --enable-linker-build-id --enable-lto --enable-multilib --enable-plugin --enable-shared --enable-threads=posix --disable-libssp --disable-libstdcxx-pch --disable-werror --with-build-config=bootstrap-lto --enable-link-serialization=1]
  ignore line: [Thread model: posix]
  ignore line: [Supported LTO compression algorithms: zlib zstd]
  ignore line: [gcc version 12.1.0 (GCC) ]
  ignore line: [COMPILER_PATH=/usr/lib/gcc/x86_64-pc-linux-gnu/12.1.0/:/usr/lib/gcc/x86_64-pc-linux-gnu/12.1.0/:/usr/lib/gcc/x86_64-pc-linux-gnu/:/usr/lib/gcc/x86_64-pc-linux-gnu/12.1.0/:/usr/lib/gcc/x86_64-pc-linux-gnu/]
  ignore line: [LIBRARY_PATH=/usr/lib/gcc/x86_64-pc-linux-gnu/12.1.0/:/usr/lib/gcc/x86_64-pc-linux-gnu/12.1.0/../../../../lib/:/lib/../lib/:/usr/lib/../lib/:/usr/lib/gcc/x86_64-pc-linux-gnu/12.1.0/../../../:/lib/:/usr/lib/]
  ignore line: [COLLECT_GCC_OPTIONS='-v' '-o' 'cmTC_cf666' '-shared-libgcc' '-mtune=generic' '-march=x86-64' '-dumpdir' 'cmTC_cf666.']
  link line: [ /usr/lib/gcc/x86_64-pc-linux-gnu/12.1.0/collect2 -plugin /usr/lib/gcc/x86_64-pc-linux-gnu/12.1.0/liblto_plugin.so -plugin-opt=/usr/lib/gcc/x86_64-pc-linux-gnu/12.1.0/lto-wrapper -plugin-opt=-fresolution=/tmp/ccITLhpX.res -plugin-opt=-pass-through=-lgcc_s -plugin-opt=-pass-through=-lgcc -plugin-opt=-pass-through=-lc -plugin-opt=-pass-through=-lgcc_s -plugin-opt=-pass-through=-lgcc --build-id --eh-frame-hdr --hash-style=gnu -m elf_x86_64 -dynamic-linker /lib64/ld-linux-x86-64.so.2 -pie -o cmTC_cf666 /usr/lib/gcc/x86_64-pc-linux-gnu/12.1.0/../../../../lib/Scrt1.o /usr/lib/gcc/x86_64-pc-linux-gnu/12.1.0/../../../../lib/crti.o /usr/lib/gcc/x86_64-pc-linux-gnu/12.1.0/crtbeginS.o -L/usr/lib/gcc/x86_64-pc-linux-gnu/12.1.0 -L/usr/lib/gcc/x86_64-pc-linux-gnu/12.1.0/../../../../lib -L/lib/../lib -L/usr/lib/../lib -L/usr/lib/gcc/x86_64-pc-linux-gnu/12.1.0/../../.. CMakeFiles/cmTC_cf666.dir/CMakeCXXCompilerABI.cpp.o -lstdc++ -lm -lgcc_s -lgcc -lc -lgcc_s -lgcc /usr/lib/gcc/x86_64-pc-linux-gnu/12.1.0/crtendS.o /usr/lib/gcc/x86_64-pc-linux-gnu/12.1.0/../../../../lib/crtn.o]
    arg [/usr/lib/gcc/x86_64-pc-linux-gnu/12.1.0/collect2] ==> ignore
    arg [-plugin] ==> ignore
    arg [/usr/lib/gcc/x86_64-pc-linux-gnu/12.1.0/liblto_plugin.so] ==> ignore
    arg [-plugin-opt=/usr/lib/gcc/x86_64-pc-linux-gnu/12.1.0/lto-wrapper] ==> ignore
    arg [-plugin-opt=-fresolution=/tmp/ccITLhpX.res] ==> ignore
    arg [-plugin-opt=-pass-through=-lgcc_s] ==> ignore
    arg [-plugin-opt=-pass-through=-lgcc] ==> ignore
    arg [-plugin-opt=-pass-through=-lc] ==> ignore
    arg [-plugin-opt=-pass-through=-lgcc_s] ==> ignore
    arg [-plugin-opt=-pass-through=-lgcc] ==> ignore
    arg [--build-id] ==> ignore
    arg [--eh-frame-hdr] ==> ignore
    arg [--hash-style=gnu] ==> ignore
    arg [-m] ==> ignore
    arg [elf_x86_64] ==> ignore
    arg [-dynamic-linker] ==> ignore
    arg [/lib64/ld-linux-x86-64.so.2] ==> ignore
    arg [-pie] ==> ignore
    arg [-o] ==> ignore
    arg [cmTC_cf666] ==> ignore
    arg [/usr/lib/gcc/x86_64-pc-linux-gnu/12.1.0/../../../../lib/Scrt1.o] ==> obj [/usr/lib/gcc/x86_64-pc-linux-gnu/12.1.0/../../../../lib/Scrt1.o]
    arg [/usr/lib/gcc/x86_64-pc-linux-gnu/12.1.0/../../../../lib/crti.o] ==> obj [/usr/lib/gcc/x86_64-pc-linux-gnu/12.1.0/../../../../lib/crti.o]
    arg [/usr/lib/gcc/x86_64-pc-linux-gnu/12.1.0/crtbeginS.o] ==> obj [/usr/lib/gcc/x86_64-pc-linux-gnu/12.1.0/crtbeginS.o]
    arg [-L/usr/lib/gcc/x86_64-pc-linux-gnu/12.1.0] ==> dir [/usr/lib/gcc/x86_64-pc-linux-gnu/12.1.0]
    arg [-L/usr/lib/gcc/x86_64-pc-linux-gnu/12.1.0/../../../../lib] ==> dir [/usr/lib/gcc/x86_64-pc-linux-gnu/12.1.0/../../../../lib]
    arg [-L/lib/../lib] ==> dir [/lib/../lib]
    arg [-L/usr/lib/../lib] ==> dir [/usr/lib/../lib]
    arg [-L/usr/lib/gcc/x86_64-pc-linux-gnu/12.1.0/../../..] ==> dir [/usr/lib/gcc/x86_64-pc-linux-gnu/12.1.0/../../..]
    arg [CMakeFiles/cmTC_cf666.dir/CMakeCXXCompilerABI.cpp.o] ==> ignore
    arg [-lstdc++] ==> lib [stdc++]
    arg [-lm] ==> lib [m]
    arg [-lgcc_s] ==> lib [gcc_s]
    arg [-lgcc] ==> lib [gcc]
    arg [-lc] ==> lib [c]
    arg [-lgcc_s] ==> lib [gcc_s]
    arg [-lgcc] ==> lib [gcc]
    arg [/usr/lib/gcc/x86_64-pc-linux-gnu/12.1.0/crtendS.o] ==> obj [/usr/lib/gcc/x86_64-pc-linux-gnu/12.1.0/crtendS.o]
    arg [/usr/lib/gcc/x86_64-pc-linux-gnu/12.1.0/../../../../lib/crtn.o] ==> obj [/usr/lib/gcc/x86_64-pc-linux-gnu/12.1.0/../../../../lib/crtn.o]
  collapse obj [/usr/lib/gcc/x86_64-pc-linux-gnu/12.1.0/../../../../lib/Scrt1.o] ==> [/usr/lib/Scrt1.o]
  collapse obj [/usr/lib/gcc/x86_64-pc-linux-gnu/12.1.0/../../../../lib/crti.o] ==> [/usr/lib/crti.o]
  collapse obj [/usr/lib/gcc/x86_64-pc-linux-gnu/12.1.0/../../../../lib/crtn.o] ==> [/usr/lib/crtn.o]
  collapse library dir [/usr/lib/gcc/x86_64-pc-linux-gnu/12.1.0] ==> [/usr/lib/gcc/x86_64-pc-linux-gnu/12.1.0]
  collapse library dir [/usr/lib/gcc/x86_64-pc-linux-gnu/12.1.0/../../../../lib] ==> [/usr/lib]
  collapse library dir [/lib/../lib] ==> [/lib]
  collapse library dir [/usr/lib/../lib] ==> [/usr/lib]
  collapse library dir [/usr/lib/gcc/x86_64-pc-linux-gnu/12.1.0/../../..] ==> [/usr/lib]
  implicit libs: [stdc++;m;gcc_s;gcc;c;gcc_s;gcc]
  implicit objs: [/usr/lib/Scrt1.o;/usr/lib/crti.o;/usr/lib/gcc/x86_64-pc-linux-gnu/12.1.0/crtbeginS.o;/usr/lib/gcc/x86_64-pc-linux-gnu/12.1.0/crtendS.o;/usr/lib/crtn.o]
  implicit dirs: [/usr/lib/gcc/x86_64-pc-linux-gnu/12.1.0;/usr/lib;/lib]
  implicit fwks: []


Determining if the __GLIBC__ exist passed with the following output:
Change Dir: /mnt/792afca2-ecd6-4e41-938a-2e818d0f60d1/home/anon/gitgud-repositories/KDE/seventasks_src/build/CMakeFiles/CMakeTmp

Run Build Command(s):/usr/bin/make -f Makefile cmTC_12ba0/fast && /usr/bin/make  -f CMakeFiles/cmTC_12ba0.dir/build.make CMakeFiles/cmTC_12ba0.dir/build
make[1]: Entering directory '/mnt/792afca2-ecd6-4e41-938a-2e818d0f60d1/home/anon/gitgud-repositories/KDE/seventasks_src/build/CMakeFiles/CMakeTmp'
Building C object CMakeFiles/cmTC_12ba0.dir/CheckSymbolExists.c.o
/usr/bin/cc    -o CMakeFiles/cmTC_12ba0.dir/CheckSymbolExists.c.o -c /mnt/792afca2-ecd6-4e41-938a-2e818d0f60d1/home/anon/gitgud-repositories/KDE/seventasks_src/build/CMakeFiles/CMakeTmp/CheckSymbolExists.c
Linking C executable cmTC_12ba0
/usr/bin/cmake -E cmake_link_script CMakeFiles/cmTC_12ba0.dir/link.txt --verbose=1
/usr/bin/cc CMakeFiles/cmTC_12ba0.dir/CheckSymbolExists.c.o -o cmTC_12ba0 
make[1]: Leaving directory '/mnt/792afca2-ecd6-4e41-938a-2e818d0f60d1/home/anon/gitgud-repositories/KDE/seventasks_src/build/CMakeFiles/CMakeTmp'


File /mnt/792afca2-ecd6-4e41-938a-2e818d0f60d1/home/anon/gitgud-repositories/KDE/seventasks_src/build/CMakeFiles/CMakeTmp/CheckSymbolExists.c:
/* */
#include <stdlib.h>

int main(int argc, char** argv)
{
  (void)argv;
#ifndef __GLIBC__
  return ((int*)(&__GLIBC__))[argc];
#else
  (void)argc;
  return 0;
#endif
}
Performing C++ SOURCE FILE Test _OFFT_IS_64BIT succeeded with the following output:
Change Dir: /mnt/792afca2-ecd6-4e41-938a-2e818d0f60d1/home/anon/gitgud-repositories/KDE/seventasks_src/build/CMakeFiles/CMakeTmp

Run Build Command(s):/usr/bin/make -f Makefile cmTC_b0314/fast && /usr/bin/make  -f CMakeFiles/cmTC_b0314.dir/build.make CMakeFiles/cmTC_b0314.dir/build
make[1]: Entering directory '/mnt/792afca2-ecd6-4e41-938a-2e818d0f60d1/home/anon/gitgud-repositories/KDE/seventasks_src/build/CMakeFiles/CMakeTmp'
Building CXX object CMakeFiles/cmTC_b0314.dir/src.cxx.o
/usr/bin/c++ -D_GNU_SOURCE -D_LARGEFILE64_SOURCE -D_OFFT_IS_64BIT   -o CMakeFiles/cmTC_b0314.dir/src.cxx.o -c /mnt/792afca2-ecd6-4e41-938a-2e818d0f60d1/home/anon/gitgud-repositories/KDE/seventasks_src/build/CMakeFiles/CMakeTmp/src.cxx
Linking CXX executable cmTC_b0314
/usr/bin/cmake -E cmake_link_script CMakeFiles/cmTC_b0314.dir/link.txt --verbose=1
/usr/bin/c++ CMakeFiles/cmTC_b0314.dir/src.cxx.o -o cmTC_b0314 
make[1]: Leaving directory '/mnt/792afca2-ecd6-4e41-938a-2e818d0f60d1/home/anon/gitgud-repositories/KDE/seventasks_src/build/CMakeFiles/CMakeTmp'


Source file was:

#include <sys/types.h>
 /* Check that off_t can represent 2**63 - 1 correctly.
    We can't simply define LARGE_OFF_T to be 9223372036854775807,
    since some C++ compilers masquerading as C compilers
    incorrectly reject 9223372036854775807.  */
#define LARGE_OFF_T (((off_t) 1 << 62) - 1 + ((off_t) 1 << 62))
  int off_t_is_large[(LARGE_OFF_T % 2147483629 == 721 && LARGE_OFF_T % 2147483647 == 1) ? 1 : -1];
  int main() { return 0; }

Performing C++ SOURCE FILE Test HAVE_DATE_TIME succeeded with the following output:
Change Dir: /mnt/792afca2-ecd6-4e41-938a-2e818d0f60d1/home/anon/gitgud-repositories/KDE/seventasks_src/build/CMakeFiles/CMakeTmp

Run Build Command(s):/usr/bin/make -f Makefile cmTC_d5270/fast && /usr/bin/make  -f CMakeFiles/cmTC_d5270.dir/build.make CMakeFiles/cmTC_d5270.dir/build
make[1]: Entering directory '/mnt/792afca2-ecd6-4e41-938a-2e818d0f60d1/home/anon/gitgud-repositories/KDE/seventasks_src/build/CMakeFiles/CMakeTmp'
Building CXX object CMakeFiles/cmTC_d5270.dir/src.cxx.o
/usr/bin/c++ -DHAVE_DATE_TIME  -fno-operator-names -fno-exceptions -Wall -Wextra -Wcast-align -Wchar-subscripts -Wformat-security -Wno-long-long -Wpointer-arith -Wundef -Wnon-virtual-dtor -Woverloaded-virtual -Werror=return-type -Werror=init-self -Wvla    -Wdate-time -std=gnu++11 -o CMakeFiles/cmTC_d5270.dir/src.cxx.o -c /mnt/792afca2-ecd6-4e41-938a-2e818d0f60d1/home/anon/gitgud-repositories/KDE/seventasks_src/build/CMakeFiles/CMakeTmp/src.cxx
Linking CXX executable cmTC_d5270
/usr/bin/cmake -E cmake_link_script CMakeFiles/cmTC_d5270.dir/link.txt --verbose=1
/usr/bin/c++  -fno-operator-names -fno-exceptions -Wall -Wextra -Wcast-align -Wchar-subscripts -Wformat-security -Wno-long-long -Wpointer-arith -Wundef -Wnon-virtual-dtor -Woverloaded-virtual -Werror=return-type -Werror=init-self -Wvla  -Wl,--enable-new-dtags   CMakeFiles/cmTC_d5270.dir/src.cxx.o -o cmTC_d5270 
make[1]: Leaving directory '/mnt/792afca2-ecd6-4e41-938a-2e818d0f60d1/home/anon/gitgud-repositories/KDE/seventasks_src/build/CMakeFiles/CMakeTmp'


Source file was:
int main() { return 0; }
Determining if the function XOpenDisplay exists in the /usr/lib/libX11.so;/usr/lib/libXext.so passed with the following output:
Change Dir: /mnt/792afca2-ecd6-4e41-938a-2e818d0f60d1/home/anon/gitgud-repositories/KDE/seventasks_src/build/CMakeFiles/CMakeTmp

Run Build Command(s):/usr/bin/make -f Makefile cmTC_52ee1/fast && /usr/bin/make  -f CMakeFiles/cmTC_52ee1.dir/build.make CMakeFiles/cmTC_52ee1.dir/build
make[1]: Entering directory '/mnt/792afca2-ecd6-4e41-938a-2e818d0f60d1/home/anon/gitgud-repositories/KDE/seventasks_src/build/CMakeFiles/CMakeTmp'
Building C object CMakeFiles/cmTC_52ee1.dir/CheckFunctionExists.c.o
/usr/bin/cc -D_GNU_SOURCE -D_LARGEFILE64_SOURCE  -fno-common -Wall -Wextra -Wcast-align -Wchar-subscripts -Wformat-security -Wno-long-long -Wpointer-arith -Wundef -Wmissing-format-attribute -Wwrite-strings -Werror=implicit-function-declaration -DCHECK_FUNCTION_EXISTS=XOpenDisplay -std=gnu90 -o CMakeFiles/cmTC_52ee1.dir/CheckFunctionExists.c.o -c /usr/share/cmake/Modules/CheckFunctionExists.c
Linking C executable cmTC_52ee1
/usr/bin/cmake -E cmake_link_script CMakeFiles/cmTC_52ee1.dir/link.txt --verbose=1
/usr/bin/cc  -fno-common -Wall -Wextra -Wcast-align -Wchar-subscripts -Wformat-security -Wno-long-long -Wpointer-arith -Wundef -Wmissing-format-attribute -Wwrite-strings -Werror=implicit-function-declaration -DCHECK_FUNCTION_EXISTS=XOpenDisplay -Wl,--enable-new-dtags   CMakeFiles/cmTC_52ee1.dir/CheckFunctionExists.c.o -o cmTC_52ee1  /usr/lib/libX11.so /usr/lib/libXext.so 
make[1]: Leaving directory '/mnt/792afca2-ecd6-4e41-938a-2e818d0f60d1/home/anon/gitgud-repositories/KDE/seventasks_src/build/CMakeFiles/CMakeTmp'



Determining if the function gethostbyname exists passed with the following output:
Change Dir: /mnt/792afca2-ecd6-4e41-938a-2e818d0f60d1/home/anon/gitgud-repositories/KDE/seventasks_src/build/CMakeFiles/CMakeTmp

Run Build Command(s):/usr/bin/make -f Makefile cmTC_5947a/fast && /usr/bin/make  -f CMakeFiles/cmTC_5947a.dir/build.make CMakeFiles/cmTC_5947a.dir/build
make[1]: Entering directory '/mnt/792afca2-ecd6-4e41-938a-2e818d0f60d1/home/anon/gitgud-repositories/KDE/seventasks_src/build/CMakeFiles/CMakeTmp'
Building C object CMakeFiles/cmTC_5947a.dir/CheckFunctionExists.c.o
/usr/bin/cc -D_GNU_SOURCE -D_LARGEFILE64_SOURCE  -fno-common -Wall -Wextra -Wcast-align -Wchar-subscripts -Wformat-security -Wno-long-long -Wpointer-arith -Wundef -Wmissing-format-attribute -Wwrite-strings -Werror=implicit-function-declaration -DCHECK_FUNCTION_EXISTS=gethostbyname -std=gnu90 -o CMakeFiles/cmTC_5947a.dir/CheckFunctionExists.c.o -c /usr/share/cmake/Modules/CheckFunctionExists.c
Linking C executable cmTC_5947a
/usr/bin/cmake -E cmake_link_script CMakeFiles/cmTC_5947a.dir/link.txt --verbose=1
/usr/bin/cc  -fno-common -Wall -Wextra -Wcast-align -Wchar-subscripts -Wformat-security -Wno-long-long -Wpointer-arith -Wundef -Wmissing-format-attribute -Wwrite-strings -Werror=implicit-function-declaration -DCHECK_FUNCTION_EXISTS=gethostbyname -Wl,--enable-new-dtags   CMakeFiles/cmTC_5947a.dir/CheckFunctionExists.c.o -o cmTC_5947a 
make[1]: Leaving directory '/mnt/792afca2-ecd6-4e41-938a-2e818d0f60d1/home/anon/gitgud-repositories/KDE/seventasks_src/build/CMakeFiles/CMakeTmp'



Determining if the function connect exists passed with the following output:
Change Dir: /mnt/792afca2-ecd6-4e41-938a-2e818d0f60d1/home/anon/gitgud-repositories/KDE/seventasks_src/build/CMakeFiles/CMakeTmp

Run Build Command(s):/usr/bin/make -f Makefile cmTC_b40f8/fast && /usr/bin/make  -f CMakeFiles/cmTC_b40f8.dir/build.make CMakeFiles/cmTC_b40f8.dir/build
make[1]: Entering directory '/mnt/792afca2-ecd6-4e41-938a-2e818d0f60d1/home/anon/gitgud-repositories/KDE/seventasks_src/build/CMakeFiles/CMakeTmp'
Building C object CMakeFiles/cmTC_b40f8.dir/CheckFunctionExists.c.o
/usr/bin/cc -D_GNU_SOURCE -D_LARGEFILE64_SOURCE  -fno-common -Wall -Wextra -Wcast-align -Wchar-subscripts -Wformat-security -Wno-long-long -Wpointer-arith -Wundef -Wmissing-format-attribute -Wwrite-strings -Werror=implicit-function-declaration -DCHECK_FUNCTION_EXISTS=connect -std=gnu90 -o CMakeFiles/cmTC_b40f8.dir/CheckFunctionExists.c.o -c /usr/share/cmake/Modules/CheckFunctionExists.c
Linking C executable cmTC_b40f8
/usr/bin/cmake -E cmake_link_script CMakeFiles/cmTC_b40f8.dir/link.txt --verbose=1
/usr/bin/cc  -fno-common -Wall -Wextra -Wcast-align -Wchar-subscripts -Wformat-security -Wno-long-long -Wpointer-arith -Wundef -Wmissing-format-attribute -Wwrite-strings -Werror=implicit-function-declaration -DCHECK_FUNCTION_EXISTS=connect -Wl,--enable-new-dtags   CMakeFiles/cmTC_b40f8.dir/CheckFunctionExists.c.o -o cmTC_b40f8 
make[1]: Leaving directory '/mnt/792afca2-ecd6-4e41-938a-2e818d0f60d1/home/anon/gitgud-repositories/KDE/seventasks_src/build/CMakeFiles/CMakeTmp'



Determining if the function remove exists passed with the following output:
Change Dir: /mnt/792afca2-ecd6-4e41-938a-2e818d0f60d1/home/anon/gitgud-repositories/KDE/seventasks_src/build/CMakeFiles/CMakeTmp

Run Build Command(s):/usr/bin/make -f Makefile cmTC_b14f3/fast && /usr/bin/make  -f CMakeFiles/cmTC_b14f3.dir/build.make CMakeFiles/cmTC_b14f3.dir/build
make[1]: Entering directory '/mnt/792afca2-ecd6-4e41-938a-2e818d0f60d1/home/anon/gitgud-repositories/KDE/seventasks_src/build/CMakeFiles/CMakeTmp'
Building C object CMakeFiles/cmTC_b14f3.dir/CheckFunctionExists.c.o
/usr/bin/cc -D_GNU_SOURCE -D_LARGEFILE64_SOURCE  -fno-common -Wall -Wextra -Wcast-align -Wchar-subscripts -Wformat-security -Wno-long-long -Wpointer-arith -Wundef -Wmissing-format-attribute -Wwrite-strings -Werror=implicit-function-declaration -DCHECK_FUNCTION_EXISTS=remove -std=gnu90 -o CMakeFiles/cmTC_b14f3.dir/CheckFunctionExists.c.o -c /usr/share/cmake/Modules/CheckFunctionExists.c
Linking C executable cmTC_b14f3
/usr/bin/cmake -E cmake_link_script CMakeFiles/cmTC_b14f3.dir/link.txt --verbose=1
/usr/bin/cc  -fno-common -Wall -Wextra -Wcast-align -Wchar-subscripts -Wformat-security -Wno-long-long -Wpointer-arith -Wundef -Wmissing-format-attribute -Wwrite-strings -Werror=implicit-function-declaration -DCHECK_FUNCTION_EXISTS=remove -Wl,--enable-new-dtags   CMakeFiles/cmTC_b14f3.dir/CheckFunctionExists.c.o -o cmTC_b14f3 
make[1]: Leaving directory '/mnt/792afca2-ecd6-4e41-938a-2e818d0f60d1/home/anon/gitgud-repositories/KDE/seventasks_src/build/CMakeFiles/CMakeTmp'



Determining if the function shmat exists passed with the following output:
Change Dir: /mnt/792afca2-ecd6-4e41-938a-2e818d0f60d1/home/anon/gitgud-repositories/KDE/seventasks_src/build/CMakeFiles/CMakeTmp

Run Build Command(s):/usr/bin/make -f Makefile cmTC_3a488/fast && /usr/bin/make  -f CMakeFiles/cmTC_3a488.dir/build.make CMakeFiles/cmTC_3a488.dir/build
make[1]: Entering directory '/mnt/792afca2-ecd6-4e41-938a-2e818d0f60d1/home/anon/gitgud-repositories/KDE/seventasks_src/build/CMakeFiles/CMakeTmp'
Building C object CMakeFiles/cmTC_3a488.dir/CheckFunctionExists.c.o
/usr/bin/cc -D_GNU_SOURCE -D_LARGEFILE64_SOURCE  -fno-common -Wall -Wextra -Wcast-align -Wchar-subscripts -Wformat-security -Wno-long-long -Wpointer-arith -Wundef -Wmissing-format-attribute -Wwrite-strings -Werror=implicit-function-declaration -DCHECK_FUNCTION_EXISTS=shmat -std=gnu90 -o CMakeFiles/cmTC_3a488.dir/CheckFunctionExists.c.o -c /usr/share/cmake/Modules/CheckFunctionExists.c
Linking C executable cmTC_3a488
/usr/bin/cmake -E cmake_link_script CMakeFiles/cmTC_3a488.dir/link.txt --verbose=1
/usr/bin/cc  -fno-common -Wall -Wextra -Wcast-align -Wchar-subscripts -Wformat-security -Wno-long-long -Wpointer-arith -Wundef -Wmissing-format-attribute -Wwrite-strings -Werror=implicit-function-declaration -DCHECK_FUNCTION_EXISTS=shmat -Wl,--enable-new-dtags   CMakeFiles/cmTC_3a488.dir/CheckFunctionExists.c.o -o cmTC_3a488 
make[1]: Leaving directory '/mnt/792afca2-ecd6-4e41-938a-2e818d0f60d1/home/anon/gitgud-repositories/KDE/seventasks_src/build/CMakeFiles/CMakeTmp'



Determining if the function IceConnectionNumber exists in the ICE passed with the following output:
Change Dir: /mnt/792afca2-ecd6-4e41-938a-2e818d0f60d1/home/anon/gitgud-repositories/KDE/seventasks_src/build/CMakeFiles/CMakeTmp

Run Build Command(s):/usr/bin/make -f Makefile cmTC_83417/fast && /usr/bin/make  -f CMakeFiles/cmTC_83417.dir/build.make CMakeFiles/cmTC_83417.dir/build
make[1]: Entering directory '/mnt/792afca2-ecd6-4e41-938a-2e818d0f60d1/home/anon/gitgud-repositories/KDE/seventasks_src/build/CMakeFiles/CMakeTmp'
Building C object CMakeFiles/cmTC_83417.dir/CheckFunctionExists.c.o
/usr/bin/cc -D_GNU_SOURCE -D_LARGEFILE64_SOURCE  -fno-common -Wall -Wextra -Wcast-align -Wchar-subscripts -Wformat-security -Wno-long-long -Wpointer-arith -Wundef -Wmissing-format-attribute -Wwrite-strings -Werror=implicit-function-declaration -DCHECK_FUNCTION_EXISTS=IceConnectionNumber -std=gnu90 -o CMakeFiles/cmTC_83417.dir/CheckFunctionExists.c.o -c /usr/share/cmake/Modules/CheckFunctionExists.c
Linking C executable cmTC_83417
/usr/bin/cmake -E cmake_link_script CMakeFiles/cmTC_83417.dir/link.txt --verbose=1
/usr/bin/cc  -fno-common -Wall -Wextra -Wcast-align -Wchar-subscripts -Wformat-security -Wno-long-long -Wpointer-arith -Wundef -Wmissing-format-attribute -Wwrite-strings -Werror=implicit-function-declaration -DCHECK_FUNCTION_EXISTS=IceConnectionNumber -Wl,--enable-new-dtags   CMakeFiles/cmTC_83417.dir/CheckFunctionExists.c.o -o cmTC_83417  -lICE 
make[1]: Leaving directory '/mnt/792afca2-ecd6-4e41-938a-2e818d0f60d1/home/anon/gitgud-repositories/KDE/seventasks_src/build/CMakeFiles/CMakeTmp'



The system is: Linux - 5.15.59-2-lts - x86_64
Compiling the C compiler identification source file "CMakeCCompilerId.c" succeeded.
Compiler: /usr/bin/cc 
Build flags: 
Id flags:  

The output was:
0


Compilation of the C compiler identification source "CMakeCCompilerId.c" produced "a.out"

The C compiler identification is GNU, found in "/mnt/792afca2-ecd6-4e41-938a-2e818d0f60d1/home/anon/gitgud-repositories/KDE/seventasks_src/build/CMakeFiles/3.23.3/CompilerIdC/a.out"

Compiling the CXX compiler identification source file "CMakeCXXCompilerId.cpp" succeeded.
Compiler: /usr/bin/c++ 
Build flags: 
Id flags:  

The output was:
0


Compilation of the CXX compiler identification source "CMakeCXXCompilerId.cpp" produced "a.out"

The CXX compiler identification is GNU, found in "/mnt/792afca2-ecd6-4e41-938a-2e818d0f60d1/home/anon/gitgud-repositories/KDE/seventasks_src/build/CMakeFiles/3.23.3/CompilerIdCXX/a.out"

Detecting C compiler ABI info compiled with the following output:
Change Dir: /mnt/792afca2-ecd6-4e41-938a-2e818d0f60d1/home/anon/gitgud-repositories/KDE/seventasks_src/build/CMakeFiles/CMakeTmp

Run Build Command(s):/usr/bin/make -f Makefile cmTC_42235/fast && make[1]: Entering directory '/mnt/792afca2-ecd6-4e41-938a-2e818d0f60d1/home/anon/gitgud-repositories/KDE/seventasks_src/build/CMakeFiles/CMakeTmp'
/usr/bin/make  -f CMakeFiles/cmTC_42235.dir/build.make CMakeFiles/cmTC_42235.dir/build
make[2]: Entering directory '/mnt/792afca2-ecd6-4e41-938a-2e818d0f60d1/home/anon/gitgud-repositories/KDE/seventasks_src/build/CMakeFiles/CMakeTmp'
Building C object CMakeFiles/cmTC_42235.dir/CMakeCCompilerABI.c.o
/usr/bin/cc   -v -o CMakeFiles/cmTC_42235.dir/CMakeCCompilerABI.c.o -c /usr/share/cmake/Modules/CMakeCCompilerABI.c
Using built-in specs.
COLLECT_GCC=/usr/bin/cc
Target: x86_64-pc-linux-gnu
Configured with: /build/gcc/src/gcc/configure --enable-languages=c,c++,ada,fortran,go,lto,objc,obj-c++,d --enable-bootstrap --prefix=/usr --libdir=/usr/lib --libexecdir=/usr/lib --mandir=/usr/share/man --infodir=/usr/share/info --with-bugurl=https://bugs.archlinux.org/ --with-build-config=bootstrap-lto --with-linker-hash-style=gnu --with-system-zlib --enable-__cxa_atexit --enable-cet=auto --enable-checking=release --enable-clocale=gnu --enable-default-pie --enable-default-ssp --enable-gnu-indirect-function --enable-gnu-unique-object --enable-libstdcxx-backtrace --enable-link-serialization=1 --enable-linker-build-id --enable-lto --enable-multilib --enable-plugin --enable-shared --enable-threads=posix --disable-libssp --disable-libstdcxx-pch --disable-werror
Thread model: posix
Supported LTO compression algorithms: zlib zstd
gcc version 12.1.1 20220730 (GCC) 
COLLECT_GCC_OPTIONS='-v' '-o' 'CMakeFiles/cmTC_42235.dir/CMakeCCompilerABI.c.o' '-c' '-mtune=generic' '-march=x86-64' '-dumpdir' 'CMakeFiles/cmTC_42235.dir/'
 /usr/lib/gcc/x86_64-pc-linux-gnu/12.1.1/cc1 -quiet -v /usr/share/cmake/Modules/CMakeCCompilerABI.c -quiet -dumpdir CMakeFiles/cmTC_42235.dir/ -dumpbase CMakeCCompilerABI.c.c -dumpbase-ext .c -mtune=generic -march=x86-64 -version -o /tmp/cclKLiUe.s
GNU C17 (GCC) version 12.1.1 20220730 (x86_64-pc-linux-gnu)
	compiled by GNU C version 12.1.1 20220730, GMP version 6.2.1, MPFR version 4.1.0-p13, MPC version 1.2.1, isl version isl-0.25-GMP

GGC heuristics: --param ggc-min-expand=100 --param ggc-min-heapsize=131072
ignoring nonexistent directory "/usr/lib/gcc/x86_64-pc-linux-gnu/12.1.1/../../../../x86_64-pc-linux-gnu/include"
#include "..." search starts here:
#include <...> search starts here:
 /usr/lib/gcc/x86_64-pc-linux-gnu/12.1.1/include
 /usr/local/include
 /usr/lib/gcc/x86_64-pc-linux-gnu/12.1.1/include-fixed
 /usr/include
End of search list.
GNU C17 (GCC) version 12.1.1 20220730 (x86_64-pc-linux-gnu)
	compiled by GNU C version 12.1.1 20220730, GMP version 6.2.1, MPFR version 4.1.0-p13, MPC version 1.2.1, isl version isl-0.25-GMP

GGC heuristics: --param ggc-min-expand=100 --param ggc-min-heapsize=131072
Compiler executable checksum: 6dadb53059c00a18874576e950e4a0dc
COLLECT_GCC_OPTIONS='-v' '-o' 'CMakeFiles/cmTC_42235.dir/CMakeCCompilerABI.c.o' '-c' '-mtune=generic' '-march=x86-64' '-dumpdir' 'CMakeFiles/cmTC_42235.dir/'
 as -v --64 -o CMakeFiles/cmTC_42235.dir/CMakeCCompilerABI.c.o /tmp/cclKLiUe.s
GNU assembler version 2.39 (x86_64-pc-linux-gnu) using BFD version (GNU Binutils) 2.39
COMPILER_PATH=/usr/lib/gcc/x86_64-pc-linux-gnu/12.1.1/:/usr/lib/gcc/x86_64-pc-linux-gnu/12.1.1/:/usr/lib/gcc/x86_64-pc-linux-gnu/:/usr/lib/gcc/x86_64-pc-linux-gnu/12.1.1/:/usr/lib/gcc/x86_64-pc-linux-gnu/
LIBRARY_PATH=/usr/lib/gcc/x86_64-pc-linux-gnu/12.1.1/:/usr/lib/gcc/x86_64-pc-linux-gnu/12.1.1/../../../../lib/:/lib/../lib/:/usr/lib/../lib/:/usr/lib/gcc/x86_64-pc-linux-gnu/12.1.1/../../../:/lib/:/usr/lib/
COLLECT_GCC_OPTIONS='-v' '-o' 'CMakeFiles/cmTC_42235.dir/CMakeCCompilerABI.c.o' '-c' '-mtune=generic' '-march=x86-64' '-dumpdir' 'CMakeFiles/cmTC_42235.dir/CMakeCCompilerABI.c.'
Linking C executable cmTC_42235
/usr/bin/cmake -E cmake_link_script CMakeFiles/cmTC_42235.dir/link.txt --verbose=1
/usr/bin/cc  -v CMakeFiles/cmTC_42235.dir/CMakeCCompilerABI.c.o -o cmTC_42235 
Using built-in specs.
COLLECT_GCC=/usr/bin/cc
COLLECT_LTO_WRAPPER=/usr/lib/gcc/x86_64-pc-linux-gnu/12.1.1/lto-wrapper
Target: x86_64-pc-linux-gnu
Configured with: /build/gcc/src/gcc/configure --enable-languages=c,c++,ada,fortran,go,lto,objc,obj-c++,d --enable-bootstrap --prefix=/usr --libdir=/usr/lib --libexecdir=/usr/lib --mandir=/usr/share/man --infodir=/usr/share/info --with-bugurl=https://bugs.archlinux.org/ --with-build-config=bootstrap-lto --with-linker-hash-style=gnu --with-system-zlib --enable-__cxa_atexit --enable-cet=auto --enable-checking=release --enable-clocale=gnu --enable-default-pie --enable-default-ssp --enable-gnu-indirect-function --enable-gnu-unique-object --enable-libstdcxx-backtrace --enable-link-serialization=1 --enable-linker-build-id --enable-lto --enable-multilib --enable-plugin --enable-shared --enable-threads=posix --disable-libssp --disable-libstdcxx-pch --disable-werror
Thread model: posix
Supported LTO compression algorithms: zlib zstd
gcc version 12.1.1 20220730 (GCC) 
COMPILER_PATH=/usr/lib/gcc/x86_64-pc-linux-gnu/12.1.1/:/usr/lib/gcc/x86_64-pc-linux-gnu/12.1.1/:/usr/lib/gcc/x86_64-pc-linux-gnu/:/usr/lib/gcc/x86_64-pc-linux-gnu/12.1.1/:/usr/lib/gcc/x86_64-pc-linux-gnu/
LIBRARY_PATH=/usr/lib/gcc/x86_64-pc-linux-gnu/12.1.1/:/usr/lib/gcc/x86_64-pc-linux-gnu/12.1.1/../../../../lib/:/lib/../lib/:/usr/lib/../lib/:/usr/lib/gcc/x86_64-pc-linux-gnu/12.1.1/../../../:/lib/:/usr/lib/
COLLECT_GCC_OPTIONS='-v' '-o' 'cmTC_42235' '-mtune=generic' '-march=x86-64' '-dumpdir' 'cmTC_42235.'
 /usr/lib/gcc/x86_64-pc-linux-gnu/12.1.1/collect2 -plugin /usr/lib/gcc/x86_64-pc-linux-gnu/12.1.1/liblto_plugin.so -plugin-opt=/usr/lib/gcc/x86_64-pc-linux-gnu/12.1.1/lto-wrapper -plugin-opt=-fresolution=/tmp/ccrey9Fs.res -plugin-opt=-pass-through=-lgcc -plugin-opt=-pass-through=-lgcc_s -plugin-opt=-pass-through=-lc -plugin-opt=-pass-through=-lgcc -plugin-opt=-pass-through=-lgcc_s --build-id --eh-frame-hdr --hash-style=gnu -m elf_x86_64 -dynamic-linker /lib64/ld-linux-x86-64.so.2 -pie -o cmTC_42235 /usr/lib/gcc/x86_64-pc-linux-gnu/12.1.1/../../../../lib/Scrt1.o /usr/lib/gcc/x86_64-pc-linux-gnu/12.1.1/../../../../lib/crti.o /usr/lib/gcc/x86_64-pc-linux-gnu/12.1.1/crtbeginS.o -L/usr/lib/gcc/x86_64-pc-linux-gnu/12.1.1 -L/usr/lib/gcc/x86_64-pc-linux-gnu/12.1.1/../../../../lib -L/lib/../lib -L/usr/lib/../lib -L/usr/lib/gcc/x86_64-pc-linux-gnu/12.1.1/../../.. CMakeFiles/cmTC_42235.dir/CMakeCCompilerABI.c.o -lgcc --push-state --as-needed -lgcc_s --pop-state -lc -lgcc --push-state --as-needed -lgcc_s --pop-state /usr/lib/gcc/x86_64-pc-linux-gnu/12.1.1/crtendS.o /usr/lib/gcc/x86_64-pc-linux-gnu/12.1.1/../../../../lib/crtn.o
COLLECT_GCC_OPTIONS='-v' '-o' 'cmTC_42235' '-mtune=generic' '-march=x86-64' '-dumpdir' 'cmTC_42235.'
make[2]: Leaving directory '/mnt/792afca2-ecd6-4e41-938a-2e818d0f60d1/home/anon/gitgud-repositories/KDE/seventasks_src/build/CMakeFiles/CMakeTmp'
make[1]: Leaving directory '/mnt/792afca2-ecd6-4e41-938a-2e818d0f60d1/home/anon/gitgud-repositories/KDE/seventasks_src/build/CMakeFiles/CMakeTmp'



Parsed C implicit include dir info from above output: rv=done
  found start of include info
  found start of implicit include info
    add: [/usr/lib/gcc/x86_64-pc-linux-gnu/12.1.1/include]
    add: [/usr/local/include]
    add: [/usr/lib/gcc/x86_64-pc-linux-gnu/12.1.1/include-fixed]
    add: [/usr/include]
  end of search list found
  collapse include dir [/usr/lib/gcc/x86_64-pc-linux-gnu/12.1.1/include] ==> [/usr/lib/gcc/x86_64-pc-linux-gnu/12.1.1/include]
  collapse include dir [/usr/local/include] ==> [/usr/local/include]
  collapse include dir [/usr/lib/gcc/x86_64-pc-linux-gnu/12.1.1/include-fixed] ==> [/usr/lib/gcc/x86_64-pc-linux-gnu/12.1.1/include-fixed]
  collapse include dir [/usr/include] ==> [/usr/include]
  implicit include dirs: [/usr/lib/gcc/x86_64-pc-linux-gnu/12.1.1/include;/usr/local/include;/usr/lib/gcc/x86_64-pc-linux-gnu/12.1.1/include-fixed;/usr/include]


Parsed C implicit link information from above output:
  link line regex: [^( *|.*[/\])(ld|CMAKE_LINK_STARTFILE-NOTFOUND|([^/\]+-)?ld|collect2)[^/\]*( |$)]
  ignore line: [Change Dir: /mnt/792afca2-ecd6-4e41-938a-2e818d0f60d1/home/anon/gitgud-repositories/KDE/seventasks_src/build/CMakeFiles/CMakeTmp]
  ignore line: []
  ignore line: [Run Build Command(s):/usr/bin/make -f Makefile cmTC_42235/fast && make[1]: Entering directory '/mnt/792afca2-ecd6-4e41-938a-2e818d0f60d1/home/anon/gitgud-repositories/KDE/seventasks_src/build/CMakeFiles/CMakeTmp']
  ignore line: [/usr/bin/make  -f CMakeFiles/cmTC_42235.dir/build.make CMakeFiles/cmTC_42235.dir/build]
  ignore line: [make[2]: Entering directory '/mnt/792afca2-ecd6-4e41-938a-2e818d0f60d1/home/anon/gitgud-repositories/KDE/seventasks_src/build/CMakeFiles/CMakeTmp']
  ignore line: [Building C object CMakeFiles/cmTC_42235.dir/CMakeCCompilerABI.c.o]
  ignore line: [/usr/bin/cc   -v -o CMakeFiles/cmTC_42235.dir/CMakeCCompilerABI.c.o -c /usr/share/cmake/Modules/CMakeCCompilerABI.c]
  ignore line: [Using built-in specs.]
  ignore line: [COLLECT_GCC=/usr/bin/cc]
  ignore line: [Target: x86_64-pc-linux-gnu]
  ignore line: [Configured with: /build/gcc/src/gcc/configure --enable-languages=c c++ ada fortran go lto objc obj-c++ d --enable-bootstrap --prefix=/usr --libdir=/usr/lib --libexecdir=/usr/lib --mandir=/usr/share/man --infodir=/usr/share/info --with-bugurl=https://bugs.archlinux.org/ --with-build-config=bootstrap-lto --with-linker-hash-style=gnu --with-system-zlib --enable-__cxa_atexit --enable-cet=auto --enable-checking=release --enable-clocale=gnu --enable-default-pie --enable-default-ssp --enable-gnu-indirect-function --enable-gnu-unique-object --enable-libstdcxx-backtrace --enable-link-serialization=1 --enable-linker-build-id --enable-lto --enable-multilib --enable-plugin --enable-shared --enable-threads=posix --disable-libssp --disable-libstdcxx-pch --disable-werror]
  ignore line: [Thread model: posix]
  ignore line: [Supported LTO compression algorithms: zlib zstd]
  ignore line: [gcc version 12.1.1 20220730 (GCC) ]
  ignore line: [COLLECT_GCC_OPTIONS='-v' '-o' 'CMakeFiles/cmTC_42235.dir/CMakeCCompilerABI.c.o' '-c' '-mtune=generic' '-march=x86-64' '-dumpdir' 'CMakeFiles/cmTC_42235.dir/']
  ignore line: [ /usr/lib/gcc/x86_64-pc-linux-gnu/12.1.1/cc1 -quiet -v /usr/share/cmake/Modules/CMakeCCompilerABI.c -quiet -dumpdir CMakeFiles/cmTC_42235.dir/ -dumpbase CMakeCCompilerABI.c.c -dumpbase-ext .c -mtune=generic -march=x86-64 -version -o /tmp/cclKLiUe.s]
  ignore line: [GNU C17 (GCC) version 12.1.1 20220730 (x86_64-pc-linux-gnu)]
  ignore line: [	compiled by GNU C version 12.1.1 20220730  GMP version 6.2.1  MPFR version 4.1.0-p13  MPC version 1.2.1  isl version isl-0.25-GMP]
  ignore line: []
  ignore line: [GGC heuristics: --param ggc-min-expand=100 --param ggc-min-heapsize=131072]
  ignore line: [ignoring nonexistent directory "/usr/lib/gcc/x86_64-pc-linux-gnu/12.1.1/../../../../x86_64-pc-linux-gnu/include"]
  ignore line: [#include "..." search starts here:]
  ignore line: [#include <...> search starts here:]
  ignore line: [ /usr/lib/gcc/x86_64-pc-linux-gnu/12.1.1/include]
  ignore line: [ /usr/local/include]
  ignore line: [ /usr/lib/gcc/x86_64-pc-linux-gnu/12.1.1/include-fixed]
  ignore line: [ /usr/include]
  ignore line: [End of search list.]
  ignore line: [GNU C17 (GCC) version 12.1.1 20220730 (x86_64-pc-linux-gnu)]
  ignore line: [	compiled by GNU C version 12.1.1 20220730  GMP version 6.2.1  MPFR version 4.1.0-p13  MPC version 1.2.1  isl version isl-0.25-GMP]
  ignore line: []
  ignore line: [GGC heuristics: --param ggc-min-expand=100 --param ggc-min-heapsize=131072]
  ignore line: [Compiler executable checksum: 6dadb53059c00a18874576e950e4a0dc]
  ignore line: [COLLECT_GCC_OPTIONS='-v' '-o' 'CMakeFiles/cmTC_42235.dir/CMakeCCompilerABI.c.o' '-c' '-mtune=generic' '-march=x86-64' '-dumpdir' 'CMakeFiles/cmTC_42235.dir/']
  ignore line: [ as -v --64 -o CMakeFiles/cmTC_42235.dir/CMakeCCompilerABI.c.o /tmp/cclKLiUe.s]
  ignore line: [GNU assembler version 2.39 (x86_64-pc-linux-gnu) using BFD version (GNU Binutils) 2.39]
  ignore line: [COMPILER_PATH=/usr/lib/gcc/x86_64-pc-linux-gnu/12.1.1/:/usr/lib/gcc/x86_64-pc-linux-gnu/12.1.1/:/usr/lib/gcc/x86_64-pc-linux-gnu/:/usr/lib/gcc/x86_64-pc-linux-gnu/12.1.1/:/usr/lib/gcc/x86_64-pc-linux-gnu/]
  ignore line: [LIBRARY_PATH=/usr/lib/gcc/x86_64-pc-linux-gnu/12.1.1/:/usr/lib/gcc/x86_64-pc-linux-gnu/12.1.1/../../../../lib/:/lib/../lib/:/usr/lib/../lib/:/usr/lib/gcc/x86_64-pc-linux-gnu/12.1.1/../../../:/lib/:/usr/lib/]
  ignore line: [COLLECT_GCC_OPTIONS='-v' '-o' 'CMakeFiles/cmTC_42235.dir/CMakeCCompilerABI.c.o' '-c' '-mtune=generic' '-march=x86-64' '-dumpdir' 'CMakeFiles/cmTC_42235.dir/CMakeCCompilerABI.c.']
  ignore line: [Linking C executable cmTC_42235]
  ignore line: [/usr/bin/cmake -E cmake_link_script CMakeFiles/cmTC_42235.dir/link.txt --verbose=1]
  ignore line: [/usr/bin/cc  -v CMakeFiles/cmTC_42235.dir/CMakeCCompilerABI.c.o -o cmTC_42235 ]
  ignore line: [Using built-in specs.]
  ignore line: [COLLECT_GCC=/usr/bin/cc]
  ignore line: [COLLECT_LTO_WRAPPER=/usr/lib/gcc/x86_64-pc-linux-gnu/12.1.1/lto-wrapper]
  ignore line: [Target: x86_64-pc-linux-gnu]
  ignore line: [Configured with: /build/gcc/src/gcc/configure --enable-languages=c c++ ada fortran go lto objc obj-c++ d --enable-bootstrap --prefix=/usr --libdir=/usr/lib --libexecdir=/usr/lib --mandir=/usr/share/man --infodir=/usr/share/info --with-bugurl=https://bugs.archlinux.org/ --with-build-config=bootstrap-lto --with-linker-hash-style=gnu --with-system-zlib --enable-__cxa_atexit --enable-cet=auto --enable-checking=release --enable-clocale=gnu --enable-default-pie --enable-default-ssp --enable-gnu-indirect-function --enable-gnu-unique-object --enable-libstdcxx-backtrace --enable-link-serialization=1 --enable-linker-build-id --enable-lto --enable-multilib --enable-plugin --enable-shared --enable-threads=posix --disable-libssp --disable-libstdcxx-pch --disable-werror]
  ignore line: [Thread model: posix]
  ignore line: [Supported LTO compression algorithms: zlib zstd]
  ignore line: [gcc version 12.1.1 20220730 (GCC) ]
  ignore line: [COMPILER_PATH=/usr/lib/gcc/x86_64-pc-linux-gnu/12.1.1/:/usr/lib/gcc/x86_64-pc-linux-gnu/12.1.1/:/usr/lib/gcc/x86_64-pc-linux-gnu/:/usr/lib/gcc/x86_64-pc-linux-gnu/12.1.1/:/usr/lib/gcc/x86_64-pc-linux-gnu/]
  ignore line: [LIBRARY_PATH=/usr/lib/gcc/x86_64-pc-linux-gnu/12.1.1/:/usr/lib/gcc/x86_64-pc-linux-gnu/12.1.1/../../../../lib/:/lib/../lib/:/usr/lib/../lib/:/usr/lib/gcc/x86_64-pc-linux-gnu/12.1.1/../../../:/lib/:/usr/lib/]
  ignore line: [COLLECT_GCC_OPTIONS='-v' '-o' 'cmTC_42235' '-mtune=generic' '-march=x86-64' '-dumpdir' 'cmTC_42235.']
  link line: [ /usr/lib/gcc/x86_64-pc-linux-gnu/12.1.1/collect2 -plugin /usr/lib/gcc/x86_64-pc-linux-gnu/12.1.1/liblto_plugin.so -plugin-opt=/usr/lib/gcc/x86_64-pc-linux-gnu/12.1.1/lto-wrapper -plugin-opt=-fresolution=/tmp/ccrey9Fs.res -plugin-opt=-pass-through=-lgcc -plugin-opt=-pass-through=-lgcc_s -plugin-opt=-pass-through=-lc -plugin-opt=-pass-through=-lgcc -plugin-opt=-pass-through=-lgcc_s --build-id --eh-frame-hdr --hash-style=gnu -m elf_x86_64 -dynamic-linker /lib64/ld-linux-x86-64.so.2 -pie -o cmTC_42235 /usr/lib/gcc/x86_64-pc-linux-gnu/12.1.1/../../../../lib/Scrt1.o /usr/lib/gcc/x86_64-pc-linux-gnu/12.1.1/../../../../lib/crti.o /usr/lib/gcc/x86_64-pc-linux-gnu/12.1.1/crtbeginS.o -L/usr/lib/gcc/x86_64-pc-linux-gnu/12.1.1 -L/usr/lib/gcc/x86_64-pc-linux-gnu/12.1.1/../../../../lib -L/lib/../lib -L/usr/lib/../lib -L/usr/lib/gcc/x86_64-pc-linux-gnu/12.1.1/../../.. CMakeFiles/cmTC_42235.dir/CMakeCCompilerABI.c.o -lgcc --push-state --as-needed -lgcc_s --pop-state -lc -lgcc --push-state --as-needed -lgcc_s --pop-state /usr/lib/gcc/x86_64-pc-linux-gnu/12.1.1/crtendS.o /usr/lib/gcc/x86_64-pc-linux-gnu/12.1.1/../../../../lib/crtn.o]
    arg [/usr/lib/gcc/x86_64-pc-linux-gnu/12.1.1/collect2] ==> ignore
    arg [-plugin] ==> ignore
    arg [/usr/lib/gcc/x86_64-pc-linux-gnu/12.1.1/liblto_plugin.so] ==> ignore
    arg [-plugin-opt=/usr/lib/gcc/x86_64-pc-linux-gnu/12.1.1/lto-wrapper] ==> ignore
    arg [-plugin-opt=-fresolution=/tmp/ccrey9Fs.res] ==> ignore
    arg [-plugin-opt=-pass-through=-lgcc] ==> ignore
    arg [-plugin-opt=-pass-through=-lgcc_s] ==> ignore
    arg [-plugin-opt=-pass-through=-lc] ==> ignore
    arg [-plugin-opt=-pass-through=-lgcc] ==> ignore
    arg [-plugin-opt=-pass-through=-lgcc_s] ==> ignore
    arg [--build-id] ==> ignore
    arg [--eh-frame-hdr] ==> ignore
    arg [--hash-style=gnu] ==> ignore
    arg [-m] ==> ignore
    arg [elf_x86_64] ==> ignore
    arg [-dynamic-linker] ==> ignore
    arg [/lib64/ld-linux-x86-64.so.2] ==> ignore
    arg [-pie] ==> ignore
    arg [-o] ==> ignore
    arg [cmTC_42235] ==> ignore
    arg [/usr/lib/gcc/x86_64-pc-linux-gnu/12.1.1/../../../../lib/Scrt1.o] ==> obj [/usr/lib/gcc/x86_64-pc-linux-gnu/12.1.1/../../../../lib/Scrt1.o]
    arg [/usr/lib/gcc/x86_64-pc-linux-gnu/12.1.1/../../../../lib/crti.o] ==> obj [/usr/lib/gcc/x86_64-pc-linux-gnu/12.1.1/../../../../lib/crti.o]
    arg [/usr/lib/gcc/x86_64-pc-linux-gnu/12.1.1/crtbeginS.o] ==> obj [/usr/lib/gcc/x86_64-pc-linux-gnu/12.1.1/crtbeginS.o]
    arg [-L/usr/lib/gcc/x86_64-pc-linux-gnu/12.1.1] ==> dir [/usr/lib/gcc/x86_64-pc-linux-gnu/12.1.1]
    arg [-L/usr/lib/gcc/x86_64-pc-linux-gnu/12.1.1/../../../../lib] ==> dir [/usr/lib/gcc/x86_64-pc-linux-gnu/12.1.1/../../../../lib]
    arg [-L/lib/../lib] ==> dir [/lib/../lib]
    arg [-L/usr/lib/../lib] ==> dir [/usr/lib/../lib]
    arg [-L/usr/lib/gcc/x86_64-pc-linux-gnu/12.1.1/../../..] ==> dir [/usr/lib/gcc/x86_64-pc-linux-gnu/12.1.1/../../..]
    arg [CMakeFiles/cmTC_42235.dir/CMakeCCompilerABI.c.o] ==> ignore
    arg [-lgcc] ==> lib [gcc]
    arg [--push-state] ==> ignore
    arg [--as-needed] ==> ignore
    arg [-lgcc_s] ==> lib [gcc_s]
    arg [--pop-state] ==> ignore
    arg [-lc] ==> lib [c]
    arg [-lgcc] ==> lib [gcc]
    arg [--push-state] ==> ignore
    arg [--as-needed] ==> ignore
    arg [-lgcc_s] ==> lib [gcc_s]
    arg [--pop-state] ==> ignore
    arg [/usr/lib/gcc/x86_64-pc-linux-gnu/12.1.1/crtendS.o] ==> obj [/usr/lib/gcc/x86_64-pc-linux-gnu/12.1.1/crtendS.o]
    arg [/usr/lib/gcc/x86_64-pc-linux-gnu/12.1.1/../../../../lib/crtn.o] ==> obj [/usr/lib/gcc/x86_64-pc-linux-gnu/12.1.1/../../../../lib/crtn.o]
  collapse obj [/usr/lib/gcc/x86_64-pc-linux-gnu/12.1.1/../../../../lib/Scrt1.o] ==> [/usr/lib/Scrt1.o]
  collapse obj [/usr/lib/gcc/x86_64-pc-linux-gnu/12.1.1/../../../../lib/crti.o] ==> [/usr/lib/crti.o]
  collapse obj [/usr/lib/gcc/x86_64-pc-linux-gnu/12.1.1/../../../../lib/crtn.o] ==> [/usr/lib/crtn.o]
  collapse library dir [/usr/lib/gcc/x86_64-pc-linux-gnu/12.1.1] ==> [/usr/lib/gcc/x86_64-pc-linux-gnu/12.1.1]
  collapse library dir [/usr/lib/gcc/x86_64-pc-linux-gnu/12.1.1/../../../../lib] ==> [/usr/lib]
  collapse library dir [/lib/../lib] ==> [/lib]
  collapse library dir [/usr/lib/../lib] ==> [/usr/lib]
  collapse library dir [/usr/lib/gcc/x86_64-pc-linux-gnu/12.1.1/../../..] ==> [/usr/lib]
  implicit libs: [gcc;gcc_s;c;gcc;gcc_s]
  implicit objs: [/usr/lib/Scrt1.o;/usr/lib/crti.o;/usr/lib/gcc/x86_64-pc-linux-gnu/12.1.1/crtbeginS.o;/usr/lib/gcc/x86_64-pc-linux-gnu/12.1.1/crtendS.o;/usr/lib/crtn.o]
  implicit dirs: [/usr/lib/gcc/x86_64-pc-linux-gnu/12.1.1;/usr/lib;/lib]
  implicit fwks: []


Detecting CXX compiler ABI info compiled with the following output:
Change Dir: /mnt/792afca2-ecd6-4e41-938a-2e818d0f60d1/home/anon/gitgud-repositories/KDE/seventasks_src/build/CMakeFiles/CMakeTmp

Run Build Command(s):/usr/bin/make -f Makefile cmTC_d709e/fast && make[1]: Entering directory '/mnt/792afca2-ecd6-4e41-938a-2e818d0f60d1/home/anon/gitgud-repositories/KDE/seventasks_src/build/CMakeFiles/CMakeTmp'
/usr/bin/make  -f CMakeFiles/cmTC_d709e.dir/build.make CMakeFiles/cmTC_d709e.dir/build
make[2]: Entering directory '/mnt/792afca2-ecd6-4e41-938a-2e818d0f60d1/home/anon/gitgud-repositories/KDE/seventasks_src/build/CMakeFiles/CMakeTmp'
Building CXX object CMakeFiles/cmTC_d709e.dir/CMakeCXXCompilerABI.cpp.o
/usr/bin/c++   -v -o CMakeFiles/cmTC_d709e.dir/CMakeCXXCompilerABI.cpp.o -c /usr/share/cmake/Modules/CMakeCXXCompilerABI.cpp
Using built-in specs.
COLLECT_GCC=/usr/bin/c++
Target: x86_64-pc-linux-gnu
Configured with: /build/gcc/src/gcc/configure --enable-languages=c,c++,ada,fortran,go,lto,objc,obj-c++,d --enable-bootstrap --prefix=/usr --libdir=/usr/lib --libexecdir=/usr/lib --mandir=/usr/share/man --infodir=/usr/share/info --with-bugurl=https://bugs.archlinux.org/ --with-build-config=bootstrap-lto --with-linker-hash-style=gnu --with-system-zlib --enable-__cxa_atexit --enable-cet=auto --enable-checking=release --enable-clocale=gnu --enable-default-pie --enable-default-ssp --enable-gnu-indirect-function --enable-gnu-unique-object --enable-libstdcxx-backtrace --enable-link-serialization=1 --enable-linker-build-id --enable-lto --enable-multilib --enable-plugin --enable-shared --enable-threads=posix --disable-libssp --disable-libstdcxx-pch --disable-werror
Thread model: posix
Supported LTO compression algorithms: zlib zstd
gcc version 12.1.1 20220730 (GCC) 
COLLECT_GCC_OPTIONS='-v' '-o' 'CMakeFiles/cmTC_d709e.dir/CMakeCXXCompilerABI.cpp.o' '-c' '-shared-libgcc' '-mtune=generic' '-march=x86-64' '-dumpdir' 'CMakeFiles/cmTC_d709e.dir/'
 /usr/lib/gcc/x86_64-pc-linux-gnu/12.1.1/cc1plus -quiet -v -D_GNU_SOURCE /usr/share/cmake/Modules/CMakeCXXCompilerABI.cpp -quiet -dumpdir CMakeFiles/cmTC_d709e.dir/ -dumpbase CMakeCXXCompilerABI.cpp.cpp -dumpbase-ext .cpp -mtune=generic -march=x86-64 -version -o /tmp/ccg5BeyE.s
GNU C++17 (GCC) version 12.1.1 20220730 (x86_64-pc-linux-gnu)
	compiled by GNU C version 12.1.1 20220730, GMP version 6.2.1, MPFR version 4.1.0-p13, MPC version 1.2.1, isl version isl-0.25-GMP

GGC heuristics: --param ggc-min-expand=100 --param ggc-min-heapsize=131072
ignoring nonexistent directory "/usr/lib/gcc/x86_64-pc-linux-gnu/12.1.1/../../../../x86_64-pc-linux-gnu/include"
#include "..." search starts here:
#include <...> search starts here:
 /usr/lib/gcc/x86_64-pc-linux-gnu/12.1.1/../../../../include/c++/12.1.1
 /usr/lib/gcc/x86_64-pc-linux-gnu/12.1.1/../../../../include/c++/12.1.1/x86_64-pc-linux-gnu
 /usr/lib/gcc/x86_64-pc-linux-gnu/12.1.1/../../../../include/c++/12.1.1/backward
 /usr/lib/gcc/x86_64-pc-linux-gnu/12.1.1/include
 /usr/local/include
 /usr/lib/gcc/x86_64-pc-linux-gnu/12.1.1/include-fixed
 /usr/include
End of search list.
GNU C++17 (GCC) version 12.1.1 20220730 (x86_64-pc-linux-gnu)
	compiled by GNU C version 12.1.1 20220730, GMP version 6.2.1, MPFR version 4.1.0-p13, MPC version 1.2.1, isl version isl-0.25-GMP

GGC heuristics: --param ggc-min-expand=100 --param ggc-min-heapsize=131072
Compiler executable checksum: 8630496add660d955c9a9ad9553de44a
COLLECT_GCC_OPTIONS='-v' '-o' 'CMakeFiles/cmTC_d709e.dir/CMakeCXXCompilerABI.cpp.o' '-c' '-shared-libgcc' '-mtune=generic' '-march=x86-64' '-dumpdir' 'CMakeFiles/cmTC_d709e.dir/'
 as -v --64 -o CMakeFiles/cmTC_d709e.dir/CMakeCXXCompilerABI.cpp.o /tmp/ccg5BeyE.s
GNU assembler version 2.39 (x86_64-pc-linux-gnu) using BFD version (GNU Binutils) 2.39
COMPILER_PATH=/usr/lib/gcc/x86_64-pc-linux-gnu/12.1.1/:/usr/lib/gcc/x86_64-pc-linux-gnu/12.1.1/:/usr/lib/gcc/x86_64-pc-linux-gnu/:/usr/lib/gcc/x86_64-pc-linux-gnu/12.1.1/:/usr/lib/gcc/x86_64-pc-linux-gnu/
LIBRARY_PATH=/usr/lib/gcc/x86_64-pc-linux-gnu/12.1.1/:/usr/lib/gcc/x86_64-pc-linux-gnu/12.1.1/../../../../lib/:/lib/../lib/:/usr/lib/../lib/:/usr/lib/gcc/x86_64-pc-linux-gnu/12.1.1/../../../:/lib/:/usr/lib/
COLLECT_GCC_OPTIONS='-v' '-o' 'CMakeFiles/cmTC_d709e.dir/CMakeCXXCompilerABI.cpp.o' '-c' '-shared-libgcc' '-mtune=generic' '-march=x86-64' '-dumpdir' 'CMakeFiles/cmTC_d709e.dir/CMakeCXXCompilerABI.cpp.'
Linking CXX executable cmTC_d709e
/usr/bin/cmake -E cmake_link_script CMakeFiles/cmTC_d709e.dir/link.txt --verbose=1
/usr/bin/c++  -v CMakeFiles/cmTC_d709e.dir/CMakeCXXCompilerABI.cpp.o -o cmTC_d709e 
Using built-in specs.
COLLECT_GCC=/usr/bin/c++
COLLECT_LTO_WRAPPER=/usr/lib/gcc/x86_64-pc-linux-gnu/12.1.1/lto-wrapper
Target: x86_64-pc-linux-gnu
Configured with: /build/gcc/src/gcc/configure --enable-languages=c,c++,ada,fortran,go,lto,objc,obj-c++,d --enable-bootstrap --prefix=/usr --libdir=/usr/lib --libexecdir=/usr/lib --mandir=/usr/share/man --infodir=/usr/share/info --with-bugurl=https://bugs.archlinux.org/ --with-build-config=bootstrap-lto --with-linker-hash-style=gnu --with-system-zlib --enable-__cxa_atexit --enable-cet=auto --enable-checking=release --enable-clocale=gnu --enable-default-pie --enable-default-ssp --enable-gnu-indirect-function --enable-gnu-unique-object --enable-libstdcxx-backtrace --enable-link-serialization=1 --enable-linker-build-id --enable-lto --enable-multilib --enable-plugin --enable-shared --enable-threads=posix --disable-libssp --disable-libstdcxx-pch --disable-werror
Thread model: posix
Supported LTO compression algorithms: zlib zstd
gcc version 12.1.1 20220730 (GCC) 
COMPILER_PATH=/usr/lib/gcc/x86_64-pc-linux-gnu/12.1.1/:/usr/lib/gcc/x86_64-pc-linux-gnu/12.1.1/:/usr/lib/gcc/x86_64-pc-linux-gnu/:/usr/lib/gcc/x86_64-pc-linux-gnu/12.1.1/:/usr/lib/gcc/x86_64-pc-linux-gnu/
LIBRARY_PATH=/usr/lib/gcc/x86_64-pc-linux-gnu/12.1.1/:/usr/lib/gcc/x86_64-pc-linux-gnu/12.1.1/../../../../lib/:/lib/../lib/:/usr/lib/../lib/:/usr/lib/gcc/x86_64-pc-linux-gnu/12.1.1/../../../:/lib/:/usr/lib/
COLLECT_GCC_OPTIONS='-v' '-o' 'cmTC_d709e' '-shared-libgcc' '-mtune=generic' '-march=x86-64' '-dumpdir' 'cmTC_d709e.'
 /usr/lib/gcc/x86_64-pc-linux-gnu/12.1.1/collect2 -plugin /usr/lib/gcc/x86_64-pc-linux-gnu/12.1.1/liblto_plugin.so -plugin-opt=/usr/lib/gcc/x86_64-pc-linux-gnu/12.1.1/lto-wrapper -plugin-opt=-fresolution=/tmp/ccErGDlC.res -plugin-opt=-pass-through=-lgcc_s -plugin-opt=-pass-through=-lgcc -plugin-opt=-pass-through=-lc -plugin-opt=-pass-through=-lgcc_s -plugin-opt=-pass-through=-lgcc --build-id --eh-frame-hdr --hash-style=gnu -m elf_x86_64 -dynamic-linker /lib64/ld-linux-x86-64.so.2 -pie -o cmTC_d709e /usr/lib/gcc/x86_64-pc-linux-gnu/12.1.1/../../../../lib/Scrt1.o /usr/lib/gcc/x86_64-pc-linux-gnu/12.1.1/../../../../lib/crti.o /usr/lib/gcc/x86_64-pc-linux-gnu/12.1.1/crtbeginS.o -L/usr/lib/gcc/x86_64-pc-linux-gnu/12.1.1 -L/usr/lib/gcc/x86_64-pc-linux-gnu/12.1.1/../../../../lib -L/lib/../lib -L/usr/lib/../lib -L/usr/lib/gcc/x86_64-pc-linux-gnu/12.1.1/../../.. CMakeFiles/cmTC_d709e.dir/CMakeCXXCompilerABI.cpp.o -lstdc++ -lm -lgcc_s -lgcc -lc -lgcc_s -lgcc /usr/lib/gcc/x86_64-pc-linux-gnu/12.1.1/crtendS.o /usr/lib/gcc/x86_64-pc-linux-gnu/12.1.1/../../../../lib/crtn.o
COLLECT_GCC_OPTIONS='-v' '-o' 'cmTC_d709e' '-shared-libgcc' '-mtune=generic' '-march=x86-64' '-dumpdir' 'cmTC_d709e.'
make[2]: Leaving directory '/mnt/792afca2-ecd6-4e41-938a-2e818d0f60d1/home/anon/gitgud-repositories/KDE/seventasks_src/build/CMakeFiles/CMakeTmp'
make[1]: Leaving directory '/mnt/792afca2-ecd6-4e41-938a-2e818d0f60d1/home/anon/gitgud-repositories/KDE/seventasks_src/build/CMakeFiles/CMakeTmp'



Parsed CXX implicit include dir info from above output: rv=done
  found start of include info
  found start of implicit include info
    add: [/usr/lib/gcc/x86_64-pc-linux-gnu/12.1.1/../../../../include/c++/12.1.1]
    add: [/usr/lib/gcc/x86_64-pc-linux-gnu/12.1.1/../../../../include/c++/12.1.1/x86_64-pc-linux-gnu]
    add: [/usr/lib/gcc/x86_64-pc-linux-gnu/12.1.1/../../../../include/c++/12.1.1/backward]
    add: [/usr/lib/gcc/x86_64-pc-linux-gnu/12.1.1/include]
    add: [/usr/local/include]
    add: [/usr/lib/gcc/x86_64-pc-linux-gnu/12.1.1/include-fixed]
    add: [/usr/include]
  end of search list found
  collapse include dir [/usr/lib/gcc/x86_64-pc-linux-gnu/12.1.1/../../../../include/c++/12.1.1] ==> [/usr/include/c++/12.1.1]
  collapse include dir [/usr/lib/gcc/x86_64-pc-linux-gnu/12.1.1/../../../../include/c++/12.1.1/x86_64-pc-linux-gnu] ==> [/usr/include/c++/12.1.1/x86_64-pc-linux-gnu]
  collapse include dir [/usr/lib/gcc/x86_64-pc-linux-gnu/12.1.1/../../../../include/c++/12.1.1/backward] ==> [/usr/include/c++/12.1.1/backward]
  collapse include dir [/usr/lib/gcc/x86_64-pc-linux-gnu/12.1.1/include] ==> [/usr/lib/gcc/x86_64-pc-linux-gnu/12.1.1/include]
  collapse include dir [/usr/local/include] ==> [/usr/local/include]
  collapse include dir [/usr/lib/gcc/x86_64-pc-linux-gnu/12.1.1/include-fixed] ==> [/usr/lib/gcc/x86_64-pc-linux-gnu/12.1.1/include-fixed]
  collapse include dir [/usr/include] ==> [/usr/include]
  implicit include dirs: [/usr/include/c++/12.1.1;/usr/include/c++/12.1.1/x86_64-pc-linux-gnu;/usr/include/c++/12.1.1/backward;/usr/lib/gcc/x86_64-pc-linux-gnu/12.1.1/include;/usr/local/include;/usr/lib/gcc/x86_64-pc-linux-gnu/12.1.1/include-fixed;/usr/include]


Parsed CXX implicit link information from above output:
  link line regex: [^( *|.*[/\])(ld|CMAKE_LINK_STARTFILE-NOTFOUND|([^/\]+-)?ld|collect2)[^/\]*( |$)]
  ignore line: [Change Dir: /mnt/792afca2-ecd6-4e41-938a-2e818d0f60d1/home/anon/gitgud-repositories/KDE/seventasks_src/build/CMakeFiles/CMakeTmp]
  ignore line: []
  ignore line: [Run Build Command(s):/usr/bin/make -f Makefile cmTC_d709e/fast && make[1]: Entering directory '/mnt/792afca2-ecd6-4e41-938a-2e818d0f60d1/home/anon/gitgud-repositories/KDE/seventasks_src/build/CMakeFiles/CMakeTmp']
  ignore line: [/usr/bin/make  -f CMakeFiles/cmTC_d709e.dir/build.make CMakeFiles/cmTC_d709e.dir/build]
  ignore line: [make[2]: Entering directory '/mnt/792afca2-ecd6-4e41-938a-2e818d0f60d1/home/anon/gitgud-repositories/KDE/seventasks_src/build/CMakeFiles/CMakeTmp']
  ignore line: [Building CXX object CMakeFiles/cmTC_d709e.dir/CMakeCXXCompilerABI.cpp.o]
  ignore line: [/usr/bin/c++   -v -o CMakeFiles/cmTC_d709e.dir/CMakeCXXCompilerABI.cpp.o -c /usr/share/cmake/Modules/CMakeCXXCompilerABI.cpp]
  ignore line: [Using built-in specs.]
  ignore line: [COLLECT_GCC=/usr/bin/c++]
  ignore line: [Target: x86_64-pc-linux-gnu]
  ignore line: [Configured with: /build/gcc/src/gcc/configure --enable-languages=c c++ ada fortran go lto objc obj-c++ d --enable-bootstrap --prefix=/usr --libdir=/usr/lib --libexecdir=/usr/lib --mandir=/usr/share/man --infodir=/usr/share/info --with-bugurl=https://bugs.archlinux.org/ --with-build-config=bootstrap-lto --with-linker-hash-style=gnu --with-system-zlib --enable-__cxa_atexit --enable-cet=auto --enable-checking=release --enable-clocale=gnu --enable-default-pie --enable-default-ssp --enable-gnu-indirect-function --enable-gnu-unique-object --enable-libstdcxx-backtrace --enable-link-serialization=1 --enable-linker-build-id --enable-lto --enable-multilib --enable-plugin --enable-shared --enable-threads=posix --disable-libssp --disable-libstdcxx-pch --disable-werror]
  ignore line: [Thread model: posix]
  ignore line: [Supported LTO compression algorithms: zlib zstd]
  ignore line: [gcc version 12.1.1 20220730 (GCC) ]
  ignore line: [COLLECT_GCC_OPTIONS='-v' '-o' 'CMakeFiles/cmTC_d709e.dir/CMakeCXXCompilerABI.cpp.o' '-c' '-shared-libgcc' '-mtune=generic' '-march=x86-64' '-dumpdir' 'CMakeFiles/cmTC_d709e.dir/']
  ignore line: [ /usr/lib/gcc/x86_64-pc-linux-gnu/12.1.1/cc1plus -quiet -v -D_GNU_SOURCE /usr/share/cmake/Modules/CMakeCXXCompilerABI.cpp -quiet -dumpdir CMakeFiles/cmTC_d709e.dir/ -dumpbase CMakeCXXCompilerABI.cpp.cpp -dumpbase-ext .cpp -mtune=generic -march=x86-64 -version -o /tmp/ccg5BeyE.s]
  ignore line: [GNU C++17 (GCC) version 12.1.1 20220730 (x86_64-pc-linux-gnu)]
  ignore line: [	compiled by GNU C version 12.1.1 20220730  GMP version 6.2.1  MPFR version 4.1.0-p13  MPC version 1.2.1  isl version isl-0.25-GMP]
  ignore line: []
  ignore line: [GGC heuristics: --param ggc-min-expand=100 --param ggc-min-heapsize=131072]
  ignore line: [ignoring nonexistent directory "/usr/lib/gcc/x86_64-pc-linux-gnu/12.1.1/../../../../x86_64-pc-linux-gnu/include"]
  ignore line: [#include "..." search starts here:]
  ignore line: [#include <...> search starts here:]
  ignore line: [ /usr/lib/gcc/x86_64-pc-linux-gnu/12.1.1/../../../../include/c++/12.1.1]
  ignore line: [ /usr/lib/gcc/x86_64-pc-linux-gnu/12.1.1/../../../../include/c++/12.1.1/x86_64-pc-linux-gnu]
  ignore line: [ /usr/lib/gcc/x86_64-pc-linux-gnu/12.1.1/../../../../include/c++/12.1.1/backward]
  ignore line: [ /usr/lib/gcc/x86_64-pc-linux-gnu/12.1.1/include]
  ignore line: [ /usr/local/include]
  ignore line: [ /usr/lib/gcc/x86_64-pc-linux-gnu/12.1.1/include-fixed]
  ignore line: [ /usr/include]
  ignore line: [End of search list.]
  ignore line: [GNU C++17 (GCC) version 12.1.1 20220730 (x86_64-pc-linux-gnu)]
  ignore line: [	compiled by GNU C version 12.1.1 20220730  GMP version 6.2.1  MPFR version 4.1.0-p13  MPC version 1.2.1  isl version isl-0.25-GMP]
  ignore line: []
  ignore line: [GGC heuristics: --param ggc-min-expand=100 --param ggc-min-heapsize=131072]
  ignore line: [Compiler executable checksum: 8630496add660d955c9a9ad9553de44a]
  ignore line: [COLLECT_GCC_OPTIONS='-v' '-o' 'CMakeFiles/cmTC_d709e.dir/CMakeCXXCompilerABI.cpp.o' '-c' '-shared-libgcc' '-mtune=generic' '-march=x86-64' '-dumpdir' 'CMakeFiles/cmTC_d709e.dir/']
  ignore line: [ as -v --64 -o CMakeFiles/cmTC_d709e.dir/CMakeCXXCompilerABI.cpp.o /tmp/ccg5BeyE.s]
  ignore line: [GNU assembler version 2.39 (x86_64-pc-linux-gnu) using BFD version (GNU Binutils) 2.39]
  ignore line: [COMPILER_PATH=/usr/lib/gcc/x86_64-pc-linux-gnu/12.1.1/:/usr/lib/gcc/x86_64-pc-linux-gnu/12.1.1/:/usr/lib/gcc/x86_64-pc-linux-gnu/:/usr/lib/gcc/x86_64-pc-linux-gnu/12.1.1/:/usr/lib/gcc/x86_64-pc-linux-gnu/]
  ignore line: [LIBRARY_PATH=/usr/lib/gcc/x86_64-pc-linux-gnu/12.1.1/:/usr/lib/gcc/x86_64-pc-linux-gnu/12.1.1/../../../../lib/:/lib/../lib/:/usr/lib/../lib/:/usr/lib/gcc/x86_64-pc-linux-gnu/12.1.1/../../../:/lib/:/usr/lib/]
  ignore line: [COLLECT_GCC_OPTIONS='-v' '-o' 'CMakeFiles/cmTC_d709e.dir/CMakeCXXCompilerABI.cpp.o' '-c' '-shared-libgcc' '-mtune=generic' '-march=x86-64' '-dumpdir' 'CMakeFiles/cmTC_d709e.dir/CMakeCXXCompilerABI.cpp.']
  ignore line: [Linking CXX executable cmTC_d709e]
  ignore line: [/usr/bin/cmake -E cmake_link_script CMakeFiles/cmTC_d709e.dir/link.txt --verbose=1]
  ignore line: [/usr/bin/c++  -v CMakeFiles/cmTC_d709e.dir/CMakeCXXCompilerABI.cpp.o -o cmTC_d709e ]
  ignore line: [Using built-in specs.]
  ignore line: [COLLECT_GCC=/usr/bin/c++]
  ignore line: [COLLECT_LTO_WRAPPER=/usr/lib/gcc/x86_64-pc-linux-gnu/12.1.1/lto-wrapper]
  ignore line: [Target: x86_64-pc-linux-gnu]
  ignore line: [Configured with: /build/gcc/src/gcc/configure --enable-languages=c c++ ada fortran go lto objc obj-c++ d --enable-bootstrap --prefix=/usr --libdir=/usr/lib --libexecdir=/usr/lib --mandir=/usr/share/man --infodir=/usr/share/info --with-bugurl=https://bugs.archlinux.org/ --with-build-config=bootstrap-lto --with-linker-hash-style=gnu --with-system-zlib --enable-__cxa_atexit --enable-cet=auto --enable-checking=release --enable-clocale=gnu --enable-default-pie --enable-default-ssp --enable-gnu-indirect-function --enable-gnu-unique-object --enable-libstdcxx-backtrace --enable-link-serialization=1 --enable-linker-build-id --enable-lto --enable-multilib --enable-plugin --enable-shared --enable-threads=posix --disable-libssp --disable-libstdcxx-pch --disable-werror]
  ignore line: [Thread model: posix]
  ignore line: [Supported LTO compression algorithms: zlib zstd]
  ignore line: [gcc version 12.1.1 20220730 (GCC) ]
  ignore line: [COMPILER_PATH=/usr/lib/gcc/x86_64-pc-linux-gnu/12.1.1/:/usr/lib/gcc/x86_64-pc-linux-gnu/12.1.1/:/usr/lib/gcc/x86_64-pc-linux-gnu/:/usr/lib/gcc/x86_64-pc-linux-gnu/12.1.1/:/usr/lib/gcc/x86_64-pc-linux-gnu/]
  ignore line: [LIBRARY_PATH=/usr/lib/gcc/x86_64-pc-linux-gnu/12.1.1/:/usr/lib/gcc/x86_64-pc-linux-gnu/12.1.1/../../../../lib/:/lib/../lib/:/usr/lib/../lib/:/usr/lib/gcc/x86_64-pc-linux-gnu/12.1.1/../../../:/lib/:/usr/lib/]
  ignore line: [COLLECT_GCC_OPTIONS='-v' '-o' 'cmTC_d709e' '-shared-libgcc' '-mtune=generic' '-march=x86-64' '-dumpdir' 'cmTC_d709e.']
  link line: [ /usr/lib/gcc/x86_64-pc-linux-gnu/12.1.1/collect2 -plugin /usr/lib/gcc/x86_64-pc-linux-gnu/12.1.1/liblto_plugin.so -plugin-opt=/usr/lib/gcc/x86_64-pc-linux-gnu/12.1.1/lto-wrapper -plugin-opt=-fresolution=/tmp/ccErGDlC.res -plugin-opt=-pass-through=-lgcc_s -plugin-opt=-pass-through=-lgcc -plugin-opt=-pass-through=-lc -plugin-opt=-pass-through=-lgcc_s -plugin-opt=-pass-through=-lgcc --build-id --eh-frame-hdr --hash-style=gnu -m elf_x86_64 -dynamic-linker /lib64/ld-linux-x86-64.so.2 -pie -o cmTC_d709e /usr/lib/gcc/x86_64-pc-linux-gnu/12.1.1/../../../../lib/Scrt1.o /usr/lib/gcc/x86_64-pc-linux-gnu/12.1.1/../../../../lib/crti.o /usr/lib/gcc/x86_64-pc-linux-gnu/12.1.1/crtbeginS.o -L/usr/lib/gcc/x86_64-pc-linux-gnu/12.1.1 -L/usr/lib/gcc/x86_64-pc-linux-gnu/12.1.1/../../../../lib -L/lib/../lib -L/usr/lib/../lib -L/usr/lib/gcc/x86_64-pc-linux-gnu/12.1.1/../../.. CMakeFiles/cmTC_d709e.dir/CMakeCXXCompilerABI.cpp.o -lstdc++ -lm -lgcc_s -lgcc -lc -lgcc_s -lgcc /usr/lib/gcc/x86_64-pc-linux-gnu/12.1.1/crtendS.o /usr/lib/gcc/x86_64-pc-linux-gnu/12.1.1/../../../../lib/crtn.o]
    arg [/usr/lib/gcc/x86_64-pc-linux-gnu/12.1.1/collect2] ==> ignore
    arg [-plugin] ==> ignore
    arg [/usr/lib/gcc/x86_64-pc-linux-gnu/12.1.1/liblto_plugin.so] ==> ignore
    arg [-plugin-opt=/usr/lib/gcc/x86_64-pc-linux-gnu/12.1.1/lto-wrapper] ==> ignore
    arg [-plugin-opt=-fresolution=/tmp/ccErGDlC.res] ==> ignore
    arg [-plugin-opt=-pass-through=-lgcc_s] ==> ignore
    arg [-plugin-opt=-pass-through=-lgcc] ==> ignore
    arg [-plugin-opt=-pass-through=-lc] ==> ignore
    arg [-plugin-opt=-pass-through=-lgcc_s] ==> ignore
    arg [-plugin-opt=-pass-through=-lgcc] ==> ignore
    arg [--build-id] ==> ignore
    arg [--eh-frame-hdr] ==> ignore
    arg [--hash-style=gnu] ==> ignore
    arg [-m] ==> ignore
    arg [elf_x86_64] ==> ignore
    arg [-dynamic-linker] ==> ignore
    arg [/lib64/ld-linux-x86-64.so.2] ==> ignore
    arg [-pie] ==> ignore
    arg [-o] ==> ignore
    arg [cmTC_d709e] ==> ignore
    arg [/usr/lib/gcc/x86_64-pc-linux-gnu/12.1.1/../../../../lib/Scrt1.o] ==> obj [/usr/lib/gcc/x86_64-pc-linux-gnu/12.1.1/../../../../lib/Scrt1.o]
    arg [/usr/lib/gcc/x86_64-pc-linux-gnu/12.1.1/../../../../lib/crti.o] ==> obj [/usr/lib/gcc/x86_64-pc-linux-gnu/12.1.1/../../../../lib/crti.o]
    arg [/usr/lib/gcc/x86_64-pc-linux-gnu/12.1.1/crtbeginS.o] ==> obj [/usr/lib/gcc/x86_64-pc-linux-gnu/12.1.1/crtbeginS.o]
    arg [-L/usr/lib/gcc/x86_64-pc-linux-gnu/12.1.1] ==> dir [/usr/lib/gcc/x86_64-pc-linux-gnu/12.1.1]
    arg [-L/usr/lib/gcc/x86_64-pc-linux-gnu/12.1.1/../../../../lib] ==> dir [/usr/lib/gcc/x86_64-pc-linux-gnu/12.1.1/../../../../lib]
    arg [-L/lib/../lib] ==> dir [/lib/../lib]
    arg [-L/usr/lib/../lib] ==> dir [/usr/lib/../lib]
    arg [-L/usr/lib/gcc/x86_64-pc-linux-gnu/12.1.1/../../..] ==> dir [/usr/lib/gcc/x86_64-pc-linux-gnu/12.1.1/../../..]
    arg [CMakeFiles/cmTC_d709e.dir/CMakeCXXCompilerABI.cpp.o] ==> ignore
    arg [-lstdc++] ==> lib [stdc++]
    arg [-lm] ==> lib [m]
    arg [-lgcc_s] ==> lib [gcc_s]
    arg [-lgcc] ==> lib [gcc]
    arg [-lc] ==> lib [c]
    arg [-lgcc_s] ==> lib [gcc_s]
    arg [-lgcc] ==> lib [gcc]
    arg [/usr/lib/gcc/x86_64-pc-linux-gnu/12.1.1/crtendS.o] ==> obj [/usr/lib/gcc/x86_64-pc-linux-gnu/12.1.1/crtendS.o]
    arg [/usr/lib/gcc/x86_64-pc-linux-gnu/12.1.1/../../../../lib/crtn.o] ==> obj [/usr/lib/gcc/x86_64-pc-linux-gnu/12.1.1/../../../../lib/crtn.o]
  collapse obj [/usr/lib/gcc/x86_64-pc-linux-gnu/12.1.1/../../../../lib/Scrt1.o] ==> [/usr/lib/Scrt1.o]
  collapse obj [/usr/lib/gcc/x86_64-pc-linux-gnu/12.1.1/../../../../lib/crti.o] ==> [/usr/lib/crti.o]
  collapse obj [/usr/lib/gcc/x86_64-pc-linux-gnu/12.1.1/../../../../lib/crtn.o] ==> [/usr/lib/crtn.o]
  collapse library dir [/usr/lib/gcc/x86_64-pc-linux-gnu/12.1.1] ==> [/usr/lib/gcc/x86_64-pc-linux-gnu/12.1.1]
  collapse library dir [/usr/lib/gcc/x86_64-pc-linux-gnu/12.1.1/../../../../lib] ==> [/usr/lib]
  collapse library dir [/lib/../lib] ==> [/lib]
  collapse library dir [/usr/lib/../lib] ==> [/usr/lib]
  collapse library dir [/usr/lib/gcc/x86_64-pc-linux-gnu/12.1.1/../../..] ==> [/usr/lib]
  implicit libs: [stdc++;m;gcc_s;gcc;c;gcc_s;gcc]
  implicit objs: [/usr/lib/Scrt1.o;/usr/lib/crti.o;/usr/lib/gcc/x86_64-pc-linux-gnu/12.1.1/crtbeginS.o;/usr/lib/gcc/x86_64-pc-linux-gnu/12.1.1/crtendS.o;/usr/lib/crtn.o]
  implicit dirs: [/usr/lib/gcc/x86_64-pc-linux-gnu/12.1.1;/usr/lib;/lib]
  implicit fwks: []


